This file contains any messages produced by compilers while
running configure, to aid debugging if configure makes a mistake.

It was created by gc configure 7.2, which was
generated by GNU Autoconf 2.69.  Invocation command line was

  $ ./configure --enable-cplusplus --enable-threads=pthreads --enable-shared --with-pic

## --------- ##
## Platform. ##
## --------- ##

hostname = N141CU
uname -m = x86_64
uname -r = 5.4.0-48-generic
uname -s = Linux
uname -v = #52-Ubuntu SMP Thu Sep 10 10:58:49 UTC 2020

/usr/bin/uname -p = x86_64
/bin/uname -X     = unknown

/bin/arch              = x86_64
/usr/bin/arch -k       = unknown
/usr/convex/getsysinfo = unknown
/usr/bin/hostinfo      = unknown
/bin/machine           = unknown
/usr/bin/oslevel       = unknown
/bin/universe          = unknown

PATH: /home/richel/.local/bin
PATH: /opt/devkitpro/tools/bin
PATH: /usr/local/sbin
PATH: /usr/local/bin
PATH: /usr/sbin
PATH: /usr/bin
PATH: /sbin
PATH: /bin
PATH: /usr/games
PATH: /usr/local/games
PATH: /snap/bin


## ----------- ##
## Core tests. ##
## ----------- ##

configure:2490: checking build system type
configure:2504: result: x86_64-unknown-linux-gnu
configure:2524: checking host system type
configure:2537: result: x86_64-unknown-linux-gnu
configure:2557: checking target system type
configure:2570: result: x86_64-unknown-linux-gnu
configure:2599: checking GC version numbers
configure:2638: result: major=7 minor=2 
configure:2658: checking for a BSD-compatible install
configure:2726: result: /usr/bin/install -c
configure:2737: checking whether build environment is sane
configure:2792: result: yes
configure:2941: checking for a thread-safe mkdir -p
configure:2980: result: /usr/bin/mkdir -p
configure:2987: checking for gawk
configure:3003: found /usr/bin/gawk
configure:3014: result: gawk
configure:3025: checking whether make sets $(MAKE)
configure:3047: result: yes
configure:3076: checking whether make supports nested variables
configure:3093: result: yes
configure:3221: checking whether to enable maintainer-specific portions of Makefiles
configure:3230: result: no
configure:3259: checking for style of include used by make
configure:3287: result: GNU
configure:3358: checking for gcc
configure:3374: found /usr/bin/gcc
configure:3385: result: gcc
configure:3614: checking for C compiler version
configure:3623: gcc --version >&5
gcc (Ubuntu 9.3.0-17ubuntu1~20.04) 9.3.0
Copyright (C) 2019 Free Software Foundation, Inc.
This is free software; see the source for copying conditions.  There is NO
warranty; not even for MERCHANTABILITY or FITNESS FOR A PARTICULAR PURPOSE.

configure:3634: $? = 0
configure:3623: gcc -v >&5
Using built-in specs.
COLLECT_GCC=gcc
COLLECT_LTO_WRAPPER=/usr/lib/gcc/x86_64-linux-gnu/9/lto-wrapper
OFFLOAD_TARGET_NAMES=nvptx-none:hsa
OFFLOAD_TARGET_DEFAULT=1
Target: x86_64-linux-gnu
Configured with: ../src/configure -v --with-pkgversion='Ubuntu 9.3.0-17ubuntu1~20.04' --with-bugurl=file:///usr/share/doc/gcc-9/README.Bugs --enable-languages=c,ada,c++,go,brig,d,fortran,objc,obj-c++,gm2 --prefix=/usr --with-gcc-major-version-only --program-suffix=-9 --program-prefix=x86_64-linux-gnu- --enable-shared --enable-linker-build-id --libexecdir=/usr/lib --without-included-gettext --enable-threads=posix --libdir=/usr/lib --enable-nls --enable-clocale=gnu --enable-libstdcxx-debug --enable-libstdcxx-time=yes --with-default-libstdcxx-abi=new --enable-gnu-unique-object --disable-vtable-verify --enable-plugin --enable-default-pie --with-system-zlib --with-target-system-zlib=auto --enable-objc-gc=auto --enable-multiarch --disable-werror --with-arch-32=i686 --with-abi=m64 --with-multilib-list=m32,m64,mx32 --enable-multilib --with-tune=generic --enable-offload-targets=nvptx-none=/build/gcc-9-HskZEa/gcc-9-9.3.0/debian/tmp-nvptx/usr,hsa --without-cuda-driver --enable-checking=release --build=x86_64-linux-gnu --host=x86_64-linux-gnu --target=x86_64-linux-gnu
Thread model: posix
gcc version 9.3.0 (Ubuntu 9.3.0-17ubuntu1~20.04) 
configure:3634: $? = 0
configure:3623: gcc -V >&5
gcc: error: unrecognized command line option '-V'
gcc: fatal error: no input files
compilation terminated.
configure:3634: $? = 1
configure:3623: gcc -qversion >&5
gcc: error: unrecognized command line option '-qversion'; did you mean '--version'?
gcc: fatal error: no input files
compilation terminated.
configure:3634: $? = 1
configure:3654: checking whether the C compiler works
configure:3676: gcc    conftest.c  >&5
configure:3680: $? = 0
configure:3728: result: yes
configure:3731: checking for C compiler default output file name
configure:3733: result: a.out
configure:3739: checking for suffix of executables
configure:3746: gcc -o conftest    conftest.c  >&5
configure:3750: $? = 0
configure:3772: result: 
configure:3794: checking whether we are cross compiling
configure:3802: gcc -o conftest    conftest.c  >&5
configure:3806: $? = 0
configure:3813: ./conftest
configure:3817: $? = 0
configure:3805: result: no
configure:3810: checking for suffix of object files
configure:3832: gcc -c   conftest.c >&5
configure:3836: $? = 0
configure:3857: result: o
configure:3861: checking whether we are using the GNU C compiler
configure:3880: gcc -c   conftest.c >&5
configure:3880: $? = 0
configure:3889: result: yes
configure:3898: checking whether gcc accepts -g
configure:3918: gcc -c -g  conftest.c >&5
configure:3918: $? = 0
configure:3959: result: yes
configure:3976: checking for gcc option to accept ISO C89
configure:4039: gcc  -c -g -O2  conftest.c >&5
configure:4039: $? = 0
configure:4052: result: none needed
configure:4077: checking whether gcc understands -c and -o together
configure:4099: gcc -c conftest.c -o conftest2.o
configure:4102: $? = 0
configure:4099: gcc -c conftest.c -o conftest2.o
configure:4102: $? = 0
configure:4114: result: yes
configure:4133: checking dependency style of gcc
configure:4244: result: gcc3
configure:4318: checking for g++
configure:4334: found /usr/bin/g++
configure:4345: result: g++
configure:4372: checking for C++ compiler version
configure:4381: g++ --version >&5
g++ (Ubuntu 9.3.0-17ubuntu1~20.04) 9.3.0
Copyright (C) 2019 Free Software Foundation, Inc.
This is free software; see the source for copying conditions.  There is NO
warranty; not even for MERCHANTABILITY or FITNESS FOR A PARTICULAR PURPOSE.

configure:4392: $? = 0
configure:4381: g++ -v >&5
Using built-in specs.
COLLECT_GCC=g++
COLLECT_LTO_WRAPPER=/usr/lib/gcc/x86_64-linux-gnu/9/lto-wrapper
OFFLOAD_TARGET_NAMES=nvptx-none:hsa
OFFLOAD_TARGET_DEFAULT=1
Target: x86_64-linux-gnu
Configured with: ../src/configure -v --with-pkgversion='Ubuntu 9.3.0-17ubuntu1~20.04' --with-bugurl=file:///usr/share/doc/gcc-9/README.Bugs --enable-languages=c,ada,c++,go,brig,d,fortran,objc,obj-c++,gm2 --prefix=/usr --with-gcc-major-version-only --program-suffix=-9 --program-prefix=x86_64-linux-gnu- --enable-shared --enable-linker-build-id --libexecdir=/usr/lib --without-included-gettext --enable-threads=posix --libdir=/usr/lib --enable-nls --enable-clocale=gnu --enable-libstdcxx-debug --enable-libstdcxx-time=yes --with-default-libstdcxx-abi=new --enable-gnu-unique-object --disable-vtable-verify --enable-plugin --enable-default-pie --with-system-zlib --with-target-system-zlib=auto --enable-objc-gc=auto --enable-multiarch --disable-werror --with-arch-32=i686 --with-abi=m64 --with-multilib-list=m32,m64,mx32 --enable-multilib --with-tune=generic --enable-offload-targets=nvptx-none=/build/gcc-9-HskZEa/gcc-9-9.3.0/debian/tmp-nvptx/usr,hsa --without-cuda-driver --enable-checking=release --build=x86_64-linux-gnu --host=x86_64-linux-gnu --target=x86_64-linux-gnu
Thread model: posix
gcc version 9.3.0 (Ubuntu 9.3.0-17ubuntu1~20.04) 
configure:4392: $? = 0
configure:4381: g++ -V >&5
g++: error: unrecognized command line option '-V'
g++: fatal error: no input files
compilation terminated.
configure:4392: $? = 1
configure:4381: g++ -qversion >&5
g++: error: unrecognized command line option '-qversion'; did you mean '--version'?
g++: fatal error: no input files
compilation terminated.
configure:4392: $? = 1
configure:4396: checking whether we are using the GNU C++ compiler
configure:4415: g++ -c   conftest.cpp >&5
configure:4415: $? = 0
configure:4424: result: yes
configure:4433: checking whether g++ accepts -g
configure:4453: g++ -c -g  conftest.cpp >&5
configure:4453: $? = 0
configure:4494: result: yes
configure:4519: checking dependency style of g++
configure:4630: result: gcc3
configure:4655: checking dependency style of gcc
configure:4764: result: gcc3
configure:4853: checking for inline
configure:4869: gcc -c -g -O2  conftest.c >&5
configure:4869: $? = 0
configure:4877: result: inline
configure:4905: checking for pthread_self in -lpthread
configure:4930: gcc -o conftest -g -O2   conftest.c -lpthread   >&5
configure:4930: $? = 0
configure:4939: result: yes
configure:4958: WARNING: "Explicit GC_INIT() calls may be required."
configure:5255: checking for xlc
configure:5272: gcc -c -g -O2  conftest.c >&5
conftest.c: In function 'main':
conftest.c:22:4: error: #error 
   22 |  # error
      |    ^~~~~
configure:5272: $? = 1
configure: failed program was:
| /* confdefs.h */
| #define PACKAGE_NAME "gc"
| #define PACKAGE_TARNAME "gc"
| #define PACKAGE_VERSION "7.2"
| #define PACKAGE_STRING "gc 7.2"
| #define PACKAGE_BUGREPORT "bdwgc@lists.opendylan.org"
| #define PACKAGE_URL ""
| #define GC_VERSION_MAJOR 7
| #define GC_VERSION_MINOR 2
| #define PACKAGE "gc"
| #define VERSION "7.2"
| #define GC_LINUX_THREADS 1
| #define _REENTRANT 1
| #define THREAD_LOCAL_ALLOC 1
| /* end confdefs.h.  */
| 
| int
| main ()
| {
| 
|  #ifndef __xlC__
|  # error
|  #endif
| 
|   ;
|   return 0;
| }
configure:5278: result: no
configure:5297: checking whether gcc supports -fno-strict-aliasing
configure:5323: gcc -c -g -O2 -fno-strict-aliasing  conftest.c >&5
configure:5323: $? = 0
configure:5332: result: yes
configure:5345: checking for dlopen in -ldl
configure:5370: gcc -o conftest -g -O2 -fno-strict-aliasing   conftest.c -ldl   >&5
configure:5370: $? = 0
configure:5379: result: yes
configure:5456: checking whether to build shared libraries
configure:5498: result: yes
configure:5512: checking which machine-dependent code should be used
configure:5574: result: 
configure:5628: checking how to print strings
configure:5655: result: printf
configure:5676: checking for a sed that does not truncate output
configure:5740: result: /bin/sed
configure:5758: checking for grep that handles long lines and -e
configure:5816: result: /usr/bin/grep
configure:5821: checking for egrep
configure:5883: result: /usr/bin/grep -E
configure:5888: checking for fgrep
configure:5950: result: /usr/bin/grep -F
configure:5985: checking for ld used by gcc
configure:6052: result: /usr/bin/ld
configure:6059: checking if the linker (/usr/bin/ld) is GNU ld
configure:6074: result: yes
configure:6086: checking for BSD- or MS-compatible name lister (nm)
configure:6135: result: /usr/bin/nm -B
configure:6265: checking the name lister (/usr/bin/nm -B) interface
configure:6272: gcc -c -g -O2 -fno-strict-aliasing  conftest.c >&5
configure:6275: /usr/bin/nm -B "conftest.o"
configure:6278: output
0000000000000000 B some_variable
configure:6279: result: BSD nm
configure:6282: checking whether ln -s works
configure:6286: result: yes
configure:6294: checking the maximum length of command line arguments
configure:6425: result: 1572864
configure:6473: checking how to convert x86_64-unknown-linux-gnu file names to x86_64-unknown-linux-gnu format
configure:6513: result: func_convert_file_noop
configure:6520: checking how to convert x86_64-unknown-linux-gnu file names to toolchain format
configure:6540: result: func_convert_file_noop
configure:6547: checking for /usr/bin/ld option to reload object files
configure:6554: result: -r
configure:6628: checking for objdump
configure:6644: found /usr/bin/objdump
configure:6655: result: objdump
configure:6687: checking how to recognize dependent libraries
configure:6884: result: pass_all
configure:6969: checking for dlltool
configure:6999: result: no
configure:7029: checking how to associate runtime and link libraries
configure:7056: result: printf %s\n
configure:7116: checking for ar
configure:7132: found /usr/bin/ar
configure:7143: result: ar
configure:7180: checking for archiver @FILE support
configure:7197: gcc -c -g -O2 -fno-strict-aliasing  conftest.c >&5
configure:7197: $? = 0
configure:7200: ar cru libconftest.a @conftest.lst >&5
ar: `u' modifier ignored since `D' is the default (see `U')
configure:7203: $? = 0
configure:7208: ar cru libconftest.a @conftest.lst >&5
ar: `u' modifier ignored since `D' is the default (see `U')
ar: conftest.o: No such file or directory
configure:7211: $? = 1
configure:7210: result: @
configure:7268: checking for strip
configure:7284: found /usr/bin/strip
configure:7295: result: strip
configure:7367: checking for ranlib
configure:7383: found /usr/bin/ranlib
configure:7394: result: ranlib
configure:7496: checking command to parse /usr/bin/nm -B output from gcc object
configure:7649: gcc -c -g -O2 -fno-strict-aliasing  conftest.c >&5
configure:7652: $? = 0
configure:7656: /usr/bin/nm -B conftest.o \| sed -n -e 's/^.*[ ]\([ABCDGIRSTW][ABCDGIRSTW]*\)[ ][ ]*\([_A-Za-z][_A-Za-z0-9]*\)$/\1 \2 \2/p' | sed '/ __gnu_lto/d' \> conftest.nm
configure:7659: $? = 0
configure:7725: gcc -o conftest -g -O2 -fno-strict-aliasing   conftest.c conftstm.o >&5
configure:7728: $? = 0
configure:7766: result: ok
configure:7813: checking for sysroot
configure:7843: result: no
configure:7963: gcc -c -g -O2 -fno-strict-aliasing  conftest.c >&5
configure:7966: $? = 0
configure:8156: checking for mt
configure:8172: found /usr/bin/mt
configure:8183: result: mt
configure:8206: checking if mt is a manifest tool
configure:8212: mt '-?'
configure:8220: result: no
configure:8862: checking how to run the C preprocessor
configure:8893: gcc -E  conftest.c
configure:8893: $? = 0
configure:8907: gcc -E  conftest.c
conftest.c:16:10: fatal error: ac_nonexistent.h: No such file or directory
   16 | #include <ac_nonexistent.h>
      |          ^~~~~~~~~~~~~~~~~~
compilation terminated.
configure:8907: $? = 1
configure: failed program was:
| /* confdefs.h */
| #define PACKAGE_NAME "gc"
| #define PACKAGE_TARNAME "gc"
| #define PACKAGE_VERSION "7.2"
| #define PACKAGE_STRING "gc 7.2"
| #define PACKAGE_BUGREPORT "bdwgc@lists.opendylan.org"
| #define PACKAGE_URL ""
| #define GC_VERSION_MAJOR 7
| #define GC_VERSION_MINOR 2
| #define PACKAGE "gc"
| #define VERSION "7.2"
| #define GC_LINUX_THREADS 1
| #define _REENTRANT 1
| #define THREAD_LOCAL_ALLOC 1
| /* end confdefs.h.  */
| #include <ac_nonexistent.h>
configure:8932: result: gcc -E
configure:8952: gcc -E  conftest.c
configure:8952: $? = 0
configure:8966: gcc -E  conftest.c
conftest.c:16:10: fatal error: ac_nonexistent.h: No such file or directory
   16 | #include <ac_nonexistent.h>
      |          ^~~~~~~~~~~~~~~~~~
compilation terminated.
configure:8966: $? = 1
configure: failed program was:
| /* confdefs.h */
| #define PACKAGE_NAME "gc"
| #define PACKAGE_TARNAME "gc"
| #define PACKAGE_VERSION "7.2"
| #define PACKAGE_STRING "gc 7.2"
| #define PACKAGE_BUGREPORT "bdwgc@lists.opendylan.org"
| #define PACKAGE_URL ""
| #define GC_VERSION_MAJOR 7
| #define GC_VERSION_MINOR 2
| #define PACKAGE "gc"
| #define VERSION "7.2"
| #define GC_LINUX_THREADS 1
| #define _REENTRANT 1
| #define THREAD_LOCAL_ALLOC 1
| /* end confdefs.h.  */
| #include <ac_nonexistent.h>
configure:8995: checking for ANSI C header files
configure:9015: gcc -c -g -O2 -fno-strict-aliasing  conftest.c >&5
configure:9015: $? = 0
configure:9088: gcc -o conftest -g -O2 -fno-strict-aliasing   conftest.c  >&5
configure:9088: $? = 0
configure:9088: ./conftest
configure:9088: $? = 0
configure:9099: result: yes
configure:9112: checking for sys/types.h
configure:9112: gcc -c -g -O2 -fno-strict-aliasing  conftest.c >&5
configure:9112: $? = 0
configure:9112: result: yes
configure:9112: checking for sys/stat.h
configure:9112: gcc -c -g -O2 -fno-strict-aliasing  conftest.c >&5
configure:9112: $? = 0
configure:9112: result: yes
configure:9112: checking for stdlib.h
configure:9112: gcc -c -g -O2 -fno-strict-aliasing  conftest.c >&5
configure:9112: $? = 0
configure:9112: result: yes
configure:9112: checking for string.h
configure:9112: gcc -c -g -O2 -fno-strict-aliasing  conftest.c >&5
configure:9112: $? = 0
configure:9112: result: yes
configure:9112: checking for memory.h
configure:9112: gcc -c -g -O2 -fno-strict-aliasing  conftest.c >&5
configure:9112: $? = 0
configure:9112: result: yes
configure:9112: checking for strings.h
configure:9112: gcc -c -g -O2 -fno-strict-aliasing  conftest.c >&5
configure:9112: $? = 0
configure:9112: result: yes
configure:9112: checking for inttypes.h
configure:9112: gcc -c -g -O2 -fno-strict-aliasing  conftest.c >&5
configure:9112: $? = 0
configure:9112: result: yes
configure:9112: checking for stdint.h
configure:9112: gcc -c -g -O2 -fno-strict-aliasing  conftest.c >&5
configure:9112: $? = 0
configure:9112: result: yes
configure:9112: checking for unistd.h
configure:9112: gcc -c -g -O2 -fno-strict-aliasing  conftest.c >&5
configure:9112: $? = 0
configure:9112: result: yes
configure:9126: checking for dlfcn.h
configure:9126: gcc -c -g -O2 -fno-strict-aliasing  conftest.c >&5
configure:9126: $? = 0
configure:9126: result: yes
configure:9311: checking for objdir
configure:9326: result: .libs
configure:9597: checking if gcc supports -fno-rtti -fno-exceptions
configure:9615: gcc -c -g -O2 -fno-strict-aliasing  -fno-rtti -fno-exceptions conftest.c >&5
cc1: warning: command line option '-fno-rtti' is valid for C++/D/ObjC++ but not for C
configure:9619: $? = 0
configure:9632: result: no
configure:9980: checking for gcc option to produce PIC
configure:9987: result: -fPIC -DPIC
configure:9995: checking if gcc PIC flag -fPIC -DPIC works
configure:10013: gcc -c -g -O2 -fno-strict-aliasing  -fPIC -DPIC -DPIC conftest.c >&5
configure:10017: $? = 0
configure:10030: result: yes
configure:10059: checking if gcc static flag -static works
configure:10087: result: yes
configure:10102: checking if gcc supports -c -o file.o
configure:10123: gcc -c -g -O2 -fno-strict-aliasing  -o out/conftest2.o conftest.c >&5
configure:10127: $? = 0
configure:10149: result: yes
configure:10157: checking if gcc supports -c -o file.o
configure:10204: result: yes
configure:10237: checking whether the gcc linker (/usr/bin/ld -m elf_x86_64) supports shared libraries
configure:11385: result: yes
configure:11422: checking whether -lc should be explicitly linked in
configure:11430: gcc -c -g -O2 -fno-strict-aliasing  conftest.c >&5
configure:11433: $? = 0
configure:11448: gcc -shared  -fPIC -DPIC conftest.o  -v -Wl,-soname -Wl,conftest -o conftest 2\>\&1 \| /usr/bin/grep  -lc  \>/dev/null 2\>\&1
configure:11451: $? = 0
configure:11465: result: no
configure:11625: checking dynamic linker characteristics
configure:12152: gcc -o conftest -g -O2 -fno-strict-aliasing   -Wl,-rpath -Wl,/foo conftest.c  >&5
configure:12152: $? = 0
configure:12363: result: GNU/Linux ld.so
configure:12470: checking how to hardcode library paths into programs
configure:12495: result: immediate
configure:13043: checking whether stripping libraries is possible
configure:13048: result: yes
configure:13083: checking if libtool supports shared libraries
configure:13085: result: yes
configure:13088: checking whether to build shared libraries
configure:13109: result: yes
configure:13112: checking whether to build static libraries
configure:13116: result: yes
configure:10141: checking how to run the C++ preprocessor
configure:10168: g++ -E  conftest.cpp
configure:10168: $? = 0
configure:10182: g++ -E  conftest.cpp
conftest.cpp:28:10: fatal error: ac_nonexistent.h: No such file or directory
   28 | #include <ac_nonexistent.h>
      |          ^~~~~~~~~~~~~~~~~~
compilation terminated.
configure:10182: $? = 1
configure: failed program was:
| /* confdefs.h */
| #define PACKAGE_NAME "gc"
| #define PACKAGE_TARNAME "gc"
| #define PACKAGE_VERSION "7.2"
| #define PACKAGE_STRING "gc 7.2"
| #define PACKAGE_BUGREPORT "bdwgc@lists.opendylan.org"
| #define PACKAGE_URL ""
| #define GC_VERSION_MAJOR 7
| #define GC_VERSION_MINOR 2
| #define PACKAGE "gc"
| #define VERSION "7.2"
| #define GC_LINUX_THREADS 1
| #define _REENTRANT 1
| #define THREAD_LOCAL_ALLOC 1
| #define STDC_HEADERS 1
| #define HAVE_SYS_TYPES_H 1
| #define HAVE_SYS_STAT_H 1
| #define HAVE_STDLIB_H 1
| #define HAVE_STRING_H 1
| #define HAVE_MEMORY_H 1
| #define HAVE_STRINGS_H 1
| #define HAVE_INTTYPES_H 1
| #define HAVE_STDINT_H 1
| #define HAVE_UNISTD_H 1
| #define HAVE_DLFCN_H 1
| #define LT_OBJDIR ".libs/"
| /* end confdefs.h.  */
| #include <ac_nonexistent.h>
configure:10207: result: g++ -E
configure:10227: g++ -E  conftest.cpp
configure:10227: $? = 0
configure:10241: g++ -E  conftest.cpp
conftest.cpp:28:10: fatal error: ac_nonexistent.h: No such file or directory
   28 | #include <ac_nonexistent.h>
      |          ^~~~~~~~~~~~~~~~~~
compilation terminated.
configure:10241: $? = 1
configure: failed program was:
| /* confdefs.h */
| #define PACKAGE_NAME "gc"
| #define PACKAGE_TARNAME "gc"
| #define PACKAGE_VERSION "7.2"
| #define PACKAGE_STRING "gc 7.2"
| #define PACKAGE_BUGREPORT "bdwgc@lists.opendylan.org"
| #define PACKAGE_URL ""
| #define GC_VERSION_MAJOR 7
| #define GC_VERSION_MINOR 2
| #define PACKAGE "gc"
| #define VERSION "7.2"
| #define GC_LINUX_THREADS 1
| #define _REENTRANT 1
| #define THREAD_LOCAL_ALLOC 1
| #define STDC_HEADERS 1
| #define HAVE_SYS_TYPES_H 1
| #define HAVE_SYS_STAT_H 1
| #define HAVE_STDLIB_H 1
| #define HAVE_STRING_H 1
| #define HAVE_MEMORY_H 1
| #define HAVE_STRINGS_H 1
| #define HAVE_INTTYPES_H 1
| #define HAVE_STDINT_H 1
| #define HAVE_UNISTD_H 1
| #define HAVE_DLFCN_H 1
| #define LT_OBJDIR ".libs/"
| /* end confdefs.h.  */
| #include <ac_nonexistent.h>
configure:10410: checking for ld used by g++
configure:10477: result: /usr/bin/ld -m elf_x86_64
configure:10484: checking if the linker (/usr/bin/ld -m elf_x86_64) is GNU ld
configure:10499: result: yes
configure:10554: checking whether the g++ linker (/usr/bin/ld -m elf_x86_64) supports shared libraries
configure:11552: result: yes
configure:11588: g++ -c -g -O2  conftest.cpp >&5
configure:11591: $? = 0
configure:12112: checking for g++ option to produce PIC
configure:12119: result: -fPIC -DPIC
configure:12127: checking if g++ PIC flag -fPIC -DPIC works
configure:12145: g++ -c -g -O2  -fPIC -DPIC -DPIC conftest.cpp >&5
configure:12149: $? = 0
configure:12162: result: yes
configure:12185: checking if g++ static flag -static works
configure:12213: result: yes
configure:12225: checking if g++ supports -c -o file.o
configure:12246: g++ -c -g -O2  -o out/conftest2.o conftest.cpp >&5
configure:12250: $? = 0
configure:12272: result: yes
configure:12277: checking if g++ supports -c -o file.o
configure:12324: result: yes
configure:12354: checking whether the g++ linker (/usr/bin/ld -m elf_x86_64) supports shared libraries
configure:12390: result: yes
configure:12531: checking dynamic linker characteristics
configure:13196: result: GNU/Linux ld.so
configure:13249: checking how to hardcode library paths into programs
configure:13274: result: immediate
configure:12302: checking whether Solaris gcc optimization fix is necessary
configure:12325: result: no
configure:12453: checking sys/dg_sys_info.h usability
configure:12453: gcc -c -g -O2 -fno-strict-aliasing  conftest.c >&5
conftest.c:64:10: fatal error: sys/dg_sys_info.h: No such file or directory
   64 | #include <sys/dg_sys_info.h>
      |          ^~~~~~~~~~~~~~~~~~~
compilation terminated.
configure:12453: $? = 1
configure: failed program was:
| /* confdefs.h */
| #define PACKAGE_NAME "gc"
| #define PACKAGE_TARNAME "gc"
| #define PACKAGE_VERSION "7.2"
| #define PACKAGE_STRING "gc 7.2"
| #define PACKAGE_BUGREPORT "bdwgc@lists.opendylan.org"
| #define PACKAGE_URL ""
| #define GC_VERSION_MAJOR 7
| #define GC_VERSION_MINOR 2
| #define PACKAGE "gc"
| #define VERSION "7.2"
| #define GC_LINUX_THREADS 1
| #define _REENTRANT 1
| #define THREAD_LOCAL_ALLOC 1
| #define STDC_HEADERS 1
| #define HAVE_SYS_TYPES_H 1
| #define HAVE_SYS_STAT_H 1
| #define HAVE_STDLIB_H 1
| #define HAVE_STRING_H 1
| #define HAVE_MEMORY_H 1
| #define HAVE_STRINGS_H 1
| #define HAVE_INTTYPES_H 1
| #define HAVE_STDINT_H 1
| #define HAVE_UNISTD_H 1
| #define HAVE_DLFCN_H 1
| #define LT_OBJDIR ".libs/"
| #define NO_EXECUTE_PERMISSION 1
| #define ALL_INTERIOR_POINTERS 1
| #define GC_GCJ_SUPPORT 1
| /* end confdefs.h.  */
| #include <stdio.h>
| #ifdef HAVE_SYS_TYPES_H
| # include <sys/types.h>
| #endif
| #ifdef HAVE_SYS_STAT_H
| # include <sys/stat.h>
| #endif
| #ifdef STDC_HEADERS
| # include <stdlib.h>
| # include <stddef.h>
| #else
| # ifdef HAVE_STDLIB_H
| #  include <stdlib.h>
| # endif
| #endif
| #ifdef HAVE_STRING_H
| # if !defined STDC_HEADERS && defined HAVE_MEMORY_H
| #  include <memory.h>
| # endif
| # include <string.h>
| #endif
| #ifdef HAVE_STRINGS_H
| # include <strings.h>
| #endif
| #ifdef HAVE_INTTYPES_H
| # include <inttypes.h>
| #endif
| #ifdef HAVE_STDINT_H
| # include <stdint.h>
| #endif
| #ifdef HAVE_UNISTD_H
| # include <unistd.h>
| #endif
| #include <sys/dg_sys_info.h>
configure:12453: result: no
configure:12453: checking sys/dg_sys_info.h presence
configure:12453: gcc -E  conftest.c
conftest.c:31:10: fatal error: sys/dg_sys_info.h: No such file or directory
   31 | #include <sys/dg_sys_info.h>
      |          ^~~~~~~~~~~~~~~~~~~
compilation terminated.
configure:12453: $? = 1
configure: failed program was:
| /* confdefs.h */
| #define PACKAGE_NAME "gc"
| #define PACKAGE_TARNAME "gc"
| #define PACKAGE_VERSION "7.2"
| #define PACKAGE_STRING "gc 7.2"
| #define PACKAGE_BUGREPORT "bdwgc@lists.opendylan.org"
| #define PACKAGE_URL ""
| #define GC_VERSION_MAJOR 7
| #define GC_VERSION_MINOR 2
| #define PACKAGE "gc"
| #define VERSION "7.2"
| #define GC_LINUX_THREADS 1
| #define _REENTRANT 1
| #define THREAD_LOCAL_ALLOC 1
| #define STDC_HEADERS 1
| #define HAVE_SYS_TYPES_H 1
| #define HAVE_SYS_STAT_H 1
| #define HAVE_STDLIB_H 1
| #define HAVE_STRING_H 1
| #define HAVE_MEMORY_H 1
| #define HAVE_STRINGS_H 1
| #define HAVE_INTTYPES_H 1
| #define HAVE_STDINT_H 1
| #define HAVE_UNISTD_H 1
| #define HAVE_DLFCN_H 1
| #define LT_OBJDIR ".libs/"
| #define NO_EXECUTE_PERMISSION 1
| #define ALL_INTERIOR_POINTERS 1
| #define GC_GCJ_SUPPORT 1
| /* end confdefs.h.  */
| #include <sys/dg_sys_info.h>
configure:12453: result: no
configure:12453: checking for sys/dg_sys_info.h
configure:12453: result: no
configure:12685: checking for pkg-config
configure:12703: found /usr/bin/pkg-config
configure:12715: result: /usr/bin/pkg-config
configure:12740: checking pkg-config is at least version 0.9.0
configure:12743: result: yes
configure:12754: checking for ATOMIC_OPS
configure:12761: $PKG_CONFIG --exists --print-errors "atomic_ops"
Package atomic_ops was not found in the pkg-config search path.
Perhaps you should add the directory containing `atomic_ops.pc'
to the PKG_CONFIG_PATH environment variable
No package 'atomic_ops' found
configure:12764: $? = 1
configure:12778: $PKG_CONFIG --exists --print-errors "atomic_ops"
Package atomic_ops was not found in the pkg-config search path.
Perhaps you should add the directory containing `atomic_ops.pc'
to the PKG_CONFIG_PATH environment variable
No package 'atomic_ops' found
configure:12781: $? = 1
configure:12795: result: no
No package 'atomic_ops' found
configure:12838: checking which libatomic_ops to use
configure:12846: result: internal
configure:12979: checking that generated files are newer than configure
configure:12985: result: done
configure:13072: creating ./config.status

## ---------------------- ##
## Running config.status. ##
## ---------------------- ##

This file was extended by gc config.status 7.2, which was
generated by GNU Autoconf 2.69.  Invocation command line was

  CONFIG_FILES    = 
  CONFIG_HEADERS  = 
  CONFIG_LINKS    = 
  CONFIG_COMMANDS = 
  $ ./config.status 

on N141CU

config.status:1210: creating Makefile
config.status:1210: creating bdw-gc.pc
config.status:1210: creating include/private/config.h
config.status:1439: executing depfiles commands
config.status:1439: executing libtool commands
config.status:1439: executing default commands
configure:15482: === configuring in libatomic_ops (/home/richel/GitHubs/msa/src/gc-7.2/libatomic_ops)
configure:15545: running /bin/bash ./configure --disable-option-checking '--prefix=/usr/local'  '--enable-cplusplus' '--enable-threads=pthreads' '--enable-shared' '--with-pic' --cache-file=/dev/null --srcdir=.

## ---------------- ##
## Cache variables. ##
## ---------------- ##

ac_cv_build=x86_64-unknown-linux-gnu
ac_cv_c_compiler_gnu=yes
ac_cv_c_inline=inline
ac_cv_cxx_compiler_gnu=yes
ac_cv_env_ATOMIC_OPS_CFLAGS_set=
ac_cv_env_ATOMIC_OPS_CFLAGS_value=
ac_cv_env_ATOMIC_OPS_LIBS_set=
ac_cv_env_ATOMIC_OPS_LIBS_value=
ac_cv_env_CCASFLAGS_set=
ac_cv_env_CCASFLAGS_value=
ac_cv_env_CCAS_set=
ac_cv_env_CCAS_value=
ac_cv_env_CCC_set=
ac_cv_env_CCC_value=
ac_cv_env_CC_set=
ac_cv_env_CC_value=
ac_cv_env_CFLAGS_set=
ac_cv_env_CFLAGS_value=
ac_cv_env_CPPFLAGS_set=
ac_cv_env_CPPFLAGS_value=
ac_cv_env_CPP_set=
ac_cv_env_CPP_value=
ac_cv_env_CXXCPP_set=
ac_cv_env_CXXCPP_value=
ac_cv_env_CXXFLAGS_set=
ac_cv_env_CXXFLAGS_value=
ac_cv_env_CXX_set=
ac_cv_env_CXX_value=
ac_cv_env_LDFLAGS_set=
ac_cv_env_LDFLAGS_value=
ac_cv_env_LIBS_set=
ac_cv_env_LIBS_value=
ac_cv_env_PKG_CONFIG_LIBDIR_set=
ac_cv_env_PKG_CONFIG_LIBDIR_value=
ac_cv_env_PKG_CONFIG_PATH_set=
ac_cv_env_PKG_CONFIG_PATH_value=
ac_cv_env_PKG_CONFIG_set=
ac_cv_env_PKG_CONFIG_value=
ac_cv_env_build_alias_set=
ac_cv_env_build_alias_value=
ac_cv_env_host_alias_set=
ac_cv_env_host_alias_value=
ac_cv_env_target_alias_set=
ac_cv_env_target_alias_value=
ac_cv_fno_strict_aliasing=yes
ac_cv_header_dlfcn_h=yes
ac_cv_header_inttypes_h=yes
ac_cv_header_memory_h=yes
ac_cv_header_stdc=yes
ac_cv_header_stdint_h=yes
ac_cv_header_stdlib_h=yes
ac_cv_header_string_h=yes
ac_cv_header_strings_h=yes
ac_cv_header_sys_dg_sys_info_h=no
ac_cv_header_sys_stat_h=yes
ac_cv_header_sys_types_h=yes
ac_cv_header_unistd_h=yes
ac_cv_host=x86_64-unknown-linux-gnu
ac_cv_lib_dl_dlopen=yes
ac_cv_lib_pthread_pthread_self=yes
ac_cv_objext=o
ac_cv_path_EGREP='/usr/bin/grep -E'
ac_cv_path_FGREP='/usr/bin/grep -F'
ac_cv_path_GREP=/usr/bin/grep
ac_cv_path_SED=/bin/sed
ac_cv_path_ac_pt_PKG_CONFIG=/usr/bin/pkg-config
ac_cv_path_install='/usr/bin/install -c'
ac_cv_path_mkdir=/usr/bin/mkdir
ac_cv_prog_AWK=gawk
ac_cv_prog_CPP='gcc -E'
ac_cv_prog_CXXCPP='g++ -E'
ac_cv_prog_ac_ct_AR=ar
ac_cv_prog_ac_ct_CC=gcc
ac_cv_prog_ac_ct_CXX=g++
ac_cv_prog_ac_ct_MANIFEST_TOOL=mt
ac_cv_prog_ac_ct_OBJDUMP=objdump
ac_cv_prog_ac_ct_RANLIB=ranlib
ac_cv_prog_ac_ct_STRIP=strip
ac_cv_prog_cc_c89=
ac_cv_prog_cc_g=yes
ac_cv_prog_cxx_g=yes
ac_cv_prog_make_make_set=yes
ac_cv_target=x86_64-unknown-linux-gnu
am_cv_CCAS_dependencies_compiler_type=gcc3
am_cv_CC_dependencies_compiler_type=gcc3
am_cv_CXX_dependencies_compiler_type=gcc3
am_cv_make_support_nested_variables=yes
am_cv_prog_cc_c_o=yes
lt_cv_ar_at_file=@
lt_cv_archive_cmds_need_lc=no
lt_cv_deplibs_check_method=pass_all
lt_cv_file_magic_cmd='$MAGIC_CMD'
lt_cv_file_magic_test_file=
lt_cv_ld_reload_flag=-r
lt_cv_nm_interface='BSD nm'
lt_cv_objdir=.libs
lt_cv_path_LD=/usr/bin/ld
lt_cv_path_LDCXX='/usr/bin/ld -m elf_x86_64'
lt_cv_path_NM='/usr/bin/nm -B'
lt_cv_path_mainfest_tool=no
lt_cv_prog_compiler_c_o=yes
lt_cv_prog_compiler_c_o_CXX=yes
lt_cv_prog_compiler_pic='-fPIC -DPIC'
lt_cv_prog_compiler_pic_CXX='-fPIC -DPIC'
lt_cv_prog_compiler_pic_works=yes
lt_cv_prog_compiler_pic_works_CXX=yes
lt_cv_prog_compiler_rtti_exceptions=no
lt_cv_prog_compiler_static_works=yes
lt_cv_prog_compiler_static_works_CXX=yes
lt_cv_prog_gnu_ld=yes
lt_cv_prog_gnu_ldcxx=yes
lt_cv_sharedlib_from_linklib_cmd='printf %s\n'
lt_cv_shlibpath_overrides_runpath=yes
lt_cv_sys_global_symbol_pipe='sed -n -e '\''s/^.*[	 ]\([ABCDGIRSTW][ABCDGIRSTW]*\)[	 ][	 ]*\([_A-Za-z][_A-Za-z0-9]*\)$/\1 \2 \2/p'\'' | sed '\''/ __gnu_lto/d'\'''
lt_cv_sys_global_symbol_to_c_name_address='sed -n -e '\''s/^: \(.*\) .*$/  {"\1", (void *) 0},/p'\'' -e '\''s/^[ABCDGIRSTW][ABCDGIRSTW]* .* \(.*\)$/  {"\1", (void *) \&\1},/p'\'''
lt_cv_sys_global_symbol_to_c_name_address_lib_prefix='sed -n -e '\''s/^: \(.*\) .*$/  {"\1", (void *) 0},/p'\'' -e '\''s/^[ABCDGIRSTW][ABCDGIRSTW]* .* \(lib.*\)$/  {"\1", (void *) \&\1},/p'\'' -e '\''s/^[ABCDGIRSTW][ABCDGIRSTW]* .* \(.*\)$/  {"lib\1", (void *) \&\1},/p'\'''
lt_cv_sys_global_symbol_to_cdecl='sed -n -e '\''s/^T .* \(.*\)$/extern int \1();/p'\'' -e '\''s/^[ABCDGIRSTW][ABCDGIRSTW]* .* \(.*\)$/extern char \1;/p'\'''
lt_cv_sys_global_symbol_to_import=
lt_cv_sys_max_cmd_len=1572864
lt_cv_to_host_file_cmd=func_convert_file_noop
lt_cv_to_tool_file_cmd=func_convert_file_noop

## ----------------- ##
## Output variables. ##
## ----------------- ##

ACLOCAL='${SHELL} /home/richel/GitHubs/msa/src/gc-7.2/missing aclocal-1.14'
AMDEPBACKSLASH='\'
AMDEP_FALSE='#'
AMDEP_TRUE=''
AMTAR='$${TAR-tar}'
AM_BACKSLASH='\'
AM_CFLAGS=''
AM_CPPFLAGS=''
AM_DEFAULT_V='$(AM_DEFAULT_VERBOSITY)'
AM_DEFAULT_VERBOSITY='1'
AM_V='$(V)'
AR='ar'
ATOMIC_OPS_CFLAGS='-I$(top_builddir)/libatomic_ops/src -I$(top_srcdir)/libatomic_ops/src'
ATOMIC_OPS_LIBS=''
AUTOCONF='${SHELL} /home/richel/GitHubs/msa/src/gc-7.2/missing autoconf'
AUTOHEADER='${SHELL} /home/richel/GitHubs/msa/src/gc-7.2/missing autoheader'
AUTOMAKE='${SHELL} /home/richel/GitHubs/msa/src/gc-7.2/missing automake-1.14'
AVOID_CPP_LIB_FALSE=''
AVOID_CPP_LIB_TRUE='#'
AWK='gawk'
CC='gcc'
CCAS='gcc'
CCASDEPMODE='depmode=gcc3'
CCASFLAGS='-g -O2'
CCDEPMODE='depmode=gcc3'
CFLAGS='-g -O2 -fno-strict-aliasing'
COMPILER_XLC_FALSE=''
COMPILER_XLC_TRUE='#'
CPLUSPLUS_FALSE='#'
CPLUSPLUS_TRUE=''
CPP='gcc -E'
CPPFLAGS=''
CXX='g++'
CXXCPP='g++ -E'
CXXDEPMODE='depmode=gcc3'
CXXFLAGS='-g -O2'
CYGPATH_W='echo'
DARWIN_THREADS_FALSE=''
DARWIN_THREADS_TRUE='#'
DEFS='-DHAVE_CONFIG_H'
DEPDIR='.deps'
DLLTOOL='false'
DSYMUTIL=''
DUMPBIN=''
ECHO_C=''
ECHO_N='-n'
ECHO_T=''
EGREP='/usr/bin/grep -E'
ENABLE_GCJ_SUPPORT_FALSE='#'
ENABLE_GCJ_SUPPORT_TRUE=''
EXEEXT=''
EXTRA_TEST_LIBS=''
FGREP='/usr/bin/grep -F'
GC_CFLAGS=' -fexceptions'
GC_VERSION=''
GREP='/usr/bin/grep'
INSTALL_DATA='${INSTALL} -m 644'
INSTALL_PROGRAM='${INSTALL}'
INSTALL_SCRIPT='${INSTALL}'
INSTALL_STRIP_PROGRAM='$(install_sh) -c -s'
KEEP_BACK_PTRS_FALSE=''
KEEP_BACK_PTRS_TRUE='#'
LD='/usr/bin/ld -m elf_x86_64'
LDFLAGS=''
LIBOBJS=''
LIBS=''
LIBTOOL='$(SHELL) $(top_builddir)/libtool'
LIPO=''
LN_S='ln -s'
LTLIBOBJS=''
MAINT='#'
MAINTAINER_MODE_FALSE=''
MAINTAINER_MODE_TRUE='#'
MAKEINFO='${SHELL} /home/richel/GitHubs/msa/src/gc-7.2/missing makeinfo'
MANIFEST_TOOL=':'
MKDIR_P='/usr/bin/mkdir -p'
NEED_ATOMIC_OPS_ASM_FALSE=''
NEED_ATOMIC_OPS_ASM_TRUE='#'
NM='/usr/bin/nm -B'
NMEDIT=''
OBJDUMP='objdump'
OBJEXT='o'
OPENBSD_THREADS_FALSE=''
OPENBSD_THREADS_TRUE='#'
OTOOL64=''
OTOOL=''
PACKAGE='gc'
PACKAGE_BUGREPORT='bdwgc@lists.opendylan.org'
PACKAGE_NAME='gc'
PACKAGE_STRING='gc 7.2'
PACKAGE_TARNAME='gc'
PACKAGE_URL=''
PACKAGE_VERSION='7.2'
PATH_SEPARATOR=':'
PKG_CONFIG='/usr/bin/pkg-config'
PKG_CONFIG_LIBDIR=''
PKG_CONFIG_PATH=''
PTHREADS_FALSE='#'
PTHREADS_TRUE=''
RANLIB='ranlib'
SED='/bin/sed'
SET_MAKE=''
SHELL='/bin/bash'
STRIP='strip'
THREADDLLIBS='-lpthread -ldl'
THREADS_FALSE='#'
THREADS_TRUE=''
UNWINDLIBS=''
USE_INTERNAL_LIBATOMIC_OPS_FALSE='#'
USE_INTERNAL_LIBATOMIC_OPS_TRUE=''
USE_LIBDIR_FALSE='#'
USE_LIBDIR_TRUE=''
VERSION='7.2'
WIN32_THREADS_FALSE=''
WIN32_THREADS_TRUE='#'
ac_ct_AR='ar'
ac_ct_CC='gcc'
ac_ct_CXX='g++'
ac_ct_DUMPBIN=''
addlibs=''
addobjs=' mach_dep.lo'
am__EXEEXT_FALSE=''
am__EXEEXT_TRUE='#'
am__fastdepCCAS_FALSE='#'
am__fastdepCCAS_TRUE=''
am__fastdepCC_FALSE='#'
am__fastdepCC_TRUE=''
am__fastdepCXX_FALSE='#'
am__fastdepCXX_TRUE=''
am__include='include'
am__isrc=''
am__leading_dot='.'
am__nodep='_no'
am__quote=''
am__tar='$${TAR-tar} chof - "$$tardir"'
am__untar='$${TAR-tar} xf -'
bindir='${exec_prefix}/bin'
build='x86_64-unknown-linux-gnu'
build_alias=''
build_cpu='x86_64'
build_os='linux-gnu'
build_vendor='unknown'
datadir='${datarootdir}'
datarootdir='${prefix}/share'
docdir='${datarootdir}/doc/${PACKAGE_TARNAME}'
dvidir='${docdir}'
exec_prefix='${prefix}'
extra_ldflags_libgc=''
host='x86_64-unknown-linux-gnu'
host_alias=''
host_cpu='x86_64'
host_os='linux-gnu'
host_vendor='unknown'
htmldir='${docdir}'
includedir='${prefix}/include'
infodir='${datarootdir}/info'
install_sh='${SHELL} /home/richel/GitHubs/msa/src/gc-7.2/install-sh'
libdir='${exec_prefix}/lib'
libexecdir='${exec_prefix}/libexec'
localedir='${datarootdir}/locale'
localstatedir='${prefix}/var'
mandir='${datarootdir}/man'
mkdir_p='$(MKDIR_P)'
oldincludedir='/usr/include'
pdfdir='${docdir}'
prefix='/usr/local'
program_transform_name='s,x,x,'
psdir='${docdir}'
sbindir='${exec_prefix}/sbin'
sharedstatedir='${prefix}/com'
subdirs=' libatomic_ops'
sysconfdir='${prefix}/etc'
target='x86_64-unknown-linux-gnu'
target_alias=''
target_all='libgc.la'
target_cpu='x86_64'
target_os='linux-gnu'
target_vendor='unknown'

## ----------- ##
## confdefs.h. ##
## ----------- ##

/* confdefs.h */
#define PACKAGE_NAME "gc"
#define PACKAGE_TARNAME "gc"
#define PACKAGE_VERSION "7.2"
#define PACKAGE_STRING "gc 7.2"
#define PACKAGE_BUGREPORT "bdwgc@lists.opendylan.org"
#define PACKAGE_URL ""
#define GC_VERSION_MAJOR 7
#define GC_VERSION_MINOR 2
#define PACKAGE "gc"
#define VERSION "7.2"
#define GC_LINUX_THREADS 1
#define _REENTRANT 1
#define THREAD_LOCAL_ALLOC 1
#define STDC_HEADERS 1
#define HAVE_SYS_TYPES_H 1
#define HAVE_SYS_STAT_H 1
#define HAVE_STDLIB_H 1
#define HAVE_STRING_H 1
#define HAVE_MEMORY_H 1
#define HAVE_STRINGS_H 1
#define HAVE_INTTYPES_H 1
#define HAVE_STDINT_H 1
#define HAVE_UNISTD_H 1
#define HAVE_DLFCN_H 1
#define LT_OBJDIR ".libs/"
#define NO_EXECUTE_PERMISSION 1
#define ALL_INTERIOR_POINTERS 1
#define GC_GCJ_SUPPORT 1
#define JAVA_FINALIZATION 1
#define ATOMIC_UNCOLLECTABLE 1

configure: exit 0
