This file contains any messages produced by compilers while
running configure, to aid debugging if configure makes a mistake.

It was created by Clustal Omega configure 1.2.0, which was
generated by GNU Autoconf 2.69.  Invocation command line was

  $ ./configure 

## --------- ##
## Platform. ##
## --------- ##

hostname = N141CU
uname -m = x86_64
uname -r = 5.4.0-48-generic
uname -s = Linux
uname -v = #52-Ubuntu SMP Thu Sep 10 10:58:49 UTC 2020

/usr/bin/uname -p = x86_64
/bin/uname -X     = unknown

/bin/arch              = x86_64
/usr/bin/arch -k       = unknown
/usr/convex/getsysinfo = unknown
/usr/bin/hostinfo      = unknown
/bin/machine           = unknown
/usr/bin/oslevel       = unknown
/bin/universe          = unknown

PATH: /home/richel/.local/bin
PATH: /opt/devkitpro/tools/bin
PATH: /usr/local/sbin
PATH: /usr/local/bin
PATH: /usr/sbin
PATH: /usr/bin
PATH: /sbin
PATH: /bin
PATH: /usr/games
PATH: /usr/local/games
PATH: /snap/bin


## ----------- ##
## Core tests. ##
## ----------- ##

configure:2746:

    Welcome to Clustal Omega - version 1.2.0 (AndreaGiacomo)

                       +NMMMMMMMMMS=
                    MMMMM?      :MMMMM8
                  IMMMMS           MMMMM,
                ~MMMMN              ,MMMMM
               =MMMMM                 MMMMM
              ?MMMMM                  +MMMMM
              MMMMMS                   MMMMM
              MMMMM                    MMMMM:
              MMMMM                    MMMMM+
              MMMMM                    MMMMM~
              MMMMM                    MMMMM
              MMMMMZ                   MMMMM
               MMMMM                  ,MMMMZ
                MMMM8                 MMMM+
                 MMMMS               MMMM,
                   MMMMO           MMMM
            ,N       SMMM        MMM8       +8
            ,M7         M+       M+        :M8
            ,MMMMMMMMMMMMI       MMMMMMMMMMMM8
            ,MMMMMMMMMMMM8       MMMMMMMMMMMM8
            ,MMMMMMMMMMMMN       MMMMMMMMMMMM8

              
configure:2855: checking for a BSD-compatible install
configure:2923: result: /usr/bin/install -c
configure:2934: checking whether build environment is sane
configure:2971: result: yes
configure:2996: checking for a thread-safe mkdir -p
configure:3035: result: /usr/bin/mkdir -p
configure:3048: checking for gawk
configure:3064: found /usr/bin/gawk
configure:3075: result: gawk
configure:3086: checking whether make sets $(MAKE)
configure:3108: result: yes
configure:3322: checking for style of include used by make
configure:3350: result: GNU
configure:3420: checking for gcc
configure:3436: found /usr/bin/gcc
configure:3447: result: gcc
configure:3676: checking for C compiler version
configure:3685: gcc --version >&5
gcc (Ubuntu 9.3.0-17ubuntu1~20.04) 9.3.0
Copyright (C) 2019 Free Software Foundation, Inc.
This is free software; see the source for copying conditions.  There is NO
warranty; not even for MERCHANTABILITY or FITNESS FOR A PARTICULAR PURPOSE.

configure:3696: $? = 0
configure:3685: gcc -v >&5
Using built-in specs.
COLLECT_GCC=gcc
COLLECT_LTO_WRAPPER=/usr/lib/gcc/x86_64-linux-gnu/9/lto-wrapper
OFFLOAD_TARGET_NAMES=nvptx-none:hsa
OFFLOAD_TARGET_DEFAULT=1
Target: x86_64-linux-gnu
Configured with: ../src/configure -v --with-pkgversion='Ubuntu 9.3.0-17ubuntu1~20.04' --with-bugurl=file:///usr/share/doc/gcc-9/README.Bugs --enable-languages=c,ada,c++,go,brig,d,fortran,objc,obj-c++,gm2 --prefix=/usr --with-gcc-major-version-only --program-suffix=-9 --program-prefix=x86_64-linux-gnu- --enable-shared --enable-linker-build-id --libexecdir=/usr/lib --without-included-gettext --enable-threads=posix --libdir=/usr/lib --enable-nls --enable-clocale=gnu --enable-libstdcxx-debug --enable-libstdcxx-time=yes --with-default-libstdcxx-abi=new --enable-gnu-unique-object --disable-vtable-verify --enable-plugin --enable-default-pie --with-system-zlib --with-target-system-zlib=auto --enable-objc-gc=auto --enable-multiarch --disable-werror --with-arch-32=i686 --with-abi=m64 --with-multilib-list=m32,m64,mx32 --enable-multilib --with-tune=generic --enable-offload-targets=nvptx-none=/build/gcc-9-HskZEa/gcc-9-9.3.0/debian/tmp-nvptx/usr,hsa --without-cuda-driver --enable-checking=release --build=x86_64-linux-gnu --host=x86_64-linux-gnu --target=x86_64-linux-gnu
Thread model: posix
gcc version 9.3.0 (Ubuntu 9.3.0-17ubuntu1~20.04) 
configure:3696: $? = 0
configure:3685: gcc -V >&5
gcc: error: unrecognized command line option '-V'
gcc: fatal error: no input files
compilation terminated.
configure:3696: $? = 1
configure:3685: gcc -qversion >&5
gcc: error: unrecognized command line option '-qversion'; did you mean '--version'?
gcc: fatal error: no input files
compilation terminated.
configure:3696: $? = 1
configure:3716: checking whether the C compiler works
configure:3738: gcc    conftest.c  >&5
configure:3742: $? = 0
configure:3790: result: yes
configure:3793: checking for C compiler default output file name
configure:3795: result: a.out
configure:3801: checking for suffix of executables
configure:3808: gcc -o conftest    conftest.c  >&5
configure:3812: $? = 0
configure:3834: result: 
configure:3856: checking whether we are cross compiling
configure:3864: gcc -o conftest    conftest.c  >&5
configure:3868: $? = 0
configure:3875: ./conftest
configure:3879: $? = 0
configure:3867: result: no
configure:3872: checking for suffix of object files
configure:3894: gcc -c   conftest.c >&5
configure:3898: $? = 0
configure:3919: result: o
configure:3923: checking whether we are using the GNU C compiler
configure:3942: gcc -c   conftest.c >&5
configure:3942: $? = 0
configure:3951: result: yes
configure:3960: checking whether gcc accepts -g
configure:3980: gcc -c -g  conftest.c >&5
configure:3980: $? = 0
configure:4021: result: yes
configure:4038: checking for gcc option to accept ISO C89
configure:4101: gcc  -c -g -O2  conftest.c >&5
configure:4101: $? = 0
configure:4114: result: none needed
configure:4136: checking dependency style of gcc
configure:4227: result: gcc3
configure:4248: checking how to run the C preprocessor
configure:4279: gcc -E  conftest.c
configure:4279: $? = 0
configure:4293: gcc -E  conftest.c
conftest.c:11:10: fatal error: ac_nonexistent.h: No such file or directory
   11 | #include <ac_nonexistent.h>
      |          ^~~~~~~~~~~~~~~~~~
compilation terminated.
configure:4293: $? = 1
configure: failed program was:
| /* confdefs.h */
| #define PACKAGE_NAME "Clustal Omega"
| #define PACKAGE_TARNAME "clustal-omega"
| #define PACKAGE_VERSION "1.2.0"
| #define PACKAGE_STRING "Clustal Omega 1.2.0"
| #define PACKAGE_BUGREPORT "clustalw@ucd.ie"
| #define PACKAGE_URL ""
| #define PACKAGE "clustal-omega"
| #define VERSION "1.2.0"
| /* end confdefs.h.  */
| #include <ac_nonexistent.h>
configure:4318: result: gcc -E
configure:4338: gcc -E  conftest.c
configure:4338: $? = 0
configure:4352: gcc -E  conftest.c
conftest.c:11:10: fatal error: ac_nonexistent.h: No such file or directory
   11 | #include <ac_nonexistent.h>
      |          ^~~~~~~~~~~~~~~~~~
compilation terminated.
configure:4352: $? = 1
configure: failed program was:
| /* confdefs.h */
| #define PACKAGE_NAME "Clustal Omega"
| #define PACKAGE_TARNAME "clustal-omega"
| #define PACKAGE_VERSION "1.2.0"
| #define PACKAGE_STRING "Clustal Omega 1.2.0"
| #define PACKAGE_BUGREPORT "clustalw@ucd.ie"
| #define PACKAGE_URL ""
| #define PACKAGE "clustal-omega"
| #define VERSION "1.2.0"
| /* end confdefs.h.  */
| #include <ac_nonexistent.h>
configure:4381: checking for grep that handles long lines and -e
configure:4439: result: /usr/bin/grep
configure:4444: checking for egrep
configure:4506: result: /usr/bin/grep -E
configure:4511: checking for ANSI C header files
configure:4531: gcc -c -g -O2  conftest.c >&5
configure:4531: $? = 0
configure:4604: gcc -o conftest -g -O2   conftest.c  >&5
configure:4604: $? = 0
configure:4604: ./conftest
configure:4604: $? = 0
configure:4615: result: yes
configure:4628: checking for sys/types.h
configure:4628: gcc -c -g -O2  conftest.c >&5
configure:4628: $? = 0
configure:4628: result: yes
configure:4628: checking for sys/stat.h
configure:4628: gcc -c -g -O2  conftest.c >&5
configure:4628: $? = 0
configure:4628: result: yes
configure:4628: checking for stdlib.h
configure:4628: gcc -c -g -O2  conftest.c >&5
configure:4628: $? = 0
configure:4628: result: yes
configure:4628: checking for string.h
configure:4628: gcc -c -g -O2  conftest.c >&5
configure:4628: $? = 0
configure:4628: result: yes
configure:4628: checking for memory.h
configure:4628: gcc -c -g -O2  conftest.c >&5
configure:4628: $? = 0
configure:4628: result: yes
configure:4628: checking for strings.h
configure:4628: gcc -c -g -O2  conftest.c >&5
configure:4628: $? = 0
configure:4628: result: yes
configure:4628: checking for inttypes.h
configure:4628: gcc -c -g -O2  conftest.c >&5
configure:4628: $? = 0
configure:4628: result: yes
configure:4628: checking for stdint.h
configure:4628: gcc -c -g -O2  conftest.c >&5
configure:4628: $? = 0
configure:4628: result: yes
configure:4628: checking for unistd.h
configure:4628: gcc -c -g -O2  conftest.c >&5
configure:4628: $? = 0
configure:4628: result: yes
configure:4641: checking minix/config.h usability
configure:4641: gcc -c -g -O2  conftest.c >&5
conftest.c:54:10: fatal error: minix/config.h: No such file or directory
   54 | #include <minix/config.h>
      |          ^~~~~~~~~~~~~~~~
compilation terminated.
configure:4641: $? = 1
configure: failed program was:
| /* confdefs.h */
| #define PACKAGE_NAME "Clustal Omega"
| #define PACKAGE_TARNAME "clustal-omega"
| #define PACKAGE_VERSION "1.2.0"
| #define PACKAGE_STRING "Clustal Omega 1.2.0"
| #define PACKAGE_BUGREPORT "clustalw@ucd.ie"
| #define PACKAGE_URL ""
| #define PACKAGE "clustal-omega"
| #define VERSION "1.2.0"
| #define STDC_HEADERS 1
| #define HAVE_SYS_TYPES_H 1
| #define HAVE_SYS_STAT_H 1
| #define HAVE_STDLIB_H 1
| #define HAVE_STRING_H 1
| #define HAVE_MEMORY_H 1
| #define HAVE_STRINGS_H 1
| #define HAVE_INTTYPES_H 1
| #define HAVE_STDINT_H 1
| #define HAVE_UNISTD_H 1
| /* end confdefs.h.  */
| #include <stdio.h>
| #ifdef HAVE_SYS_TYPES_H
| # include <sys/types.h>
| #endif
| #ifdef HAVE_SYS_STAT_H
| # include <sys/stat.h>
| #endif
| #ifdef STDC_HEADERS
| # include <stdlib.h>
| # include <stddef.h>
| #else
| # ifdef HAVE_STDLIB_H
| #  include <stdlib.h>
| # endif
| #endif
| #ifdef HAVE_STRING_H
| # if !defined STDC_HEADERS && defined HAVE_MEMORY_H
| #  include <memory.h>
| # endif
| # include <string.h>
| #endif
| #ifdef HAVE_STRINGS_H
| # include <strings.h>
| #endif
| #ifdef HAVE_INTTYPES_H
| # include <inttypes.h>
| #endif
| #ifdef HAVE_STDINT_H
| # include <stdint.h>
| #endif
| #ifdef HAVE_UNISTD_H
| # include <unistd.h>
| #endif
| #include <minix/config.h>
configure:4641: result: no
configure:4641: checking minix/config.h presence
configure:4641: gcc -E  conftest.c
conftest.c:21:10: fatal error: minix/config.h: No such file or directory
   21 | #include <minix/config.h>
      |          ^~~~~~~~~~~~~~~~
compilation terminated.
configure:4641: $? = 1
configure: failed program was:
| /* confdefs.h */
| #define PACKAGE_NAME "Clustal Omega"
| #define PACKAGE_TARNAME "clustal-omega"
| #define PACKAGE_VERSION "1.2.0"
| #define PACKAGE_STRING "Clustal Omega 1.2.0"
| #define PACKAGE_BUGREPORT "clustalw@ucd.ie"
| #define PACKAGE_URL ""
| #define PACKAGE "clustal-omega"
| #define VERSION "1.2.0"
| #define STDC_HEADERS 1
| #define HAVE_SYS_TYPES_H 1
| #define HAVE_SYS_STAT_H 1
| #define HAVE_STDLIB_H 1
| #define HAVE_STRING_H 1
| #define HAVE_MEMORY_H 1
| #define HAVE_STRINGS_H 1
| #define HAVE_INTTYPES_H 1
| #define HAVE_STDINT_H 1
| #define HAVE_UNISTD_H 1
| /* end confdefs.h.  */
| #include <minix/config.h>
configure:4641: result: no
configure:4641: checking for minix/config.h
configure:4641: result: no
configure:4662: checking whether it is safe to define __EXTENSIONS__
configure:4680: gcc -c -g -O2  conftest.c >&5
configure:4680: $? = 0
configure:4687: result: yes
configure:4709: checking build system type
configure:4723: result: x86_64-unknown-linux-gnu
configure:4743: checking host system type
configure:4756: result: x86_64-unknown-linux-gnu
configure:4780: checking whether make sets $(MAKE)
configure:4802: result: yes
configure:4842: checking for a sed that does not truncate output
configure:4906: result: /bin/sed
configure:4924: checking for fgrep
configure:4986: result: /usr/bin/grep -F
configure:5021: checking for ld used by gcc
configure:5088: result: /usr/bin/ld
configure:5095: checking if the linker (/usr/bin/ld) is GNU ld
configure:5110: result: yes
configure:5122: checking for BSD- or MS-compatible name lister (nm)
configure:5171: result: /usr/bin/nm -B
configure:5289: checking the name lister (/usr/bin/nm -B) interface
configure:5327: gcc -c -g -O2  conftest.c >&5
configure:5330: /usr/bin/nm -B "conftest.o"
configure:5333: output
0000000000000000 B some_variable
configure:5303: result: BSD nm
configure:5306: checking whether ln -s works
configure:5310: result: yes
configure:5318: checking the maximum length of command line arguments
configure:5438: result: 1572864
configure:5455: checking whether the shell understands some XSI constructs
configure:5464: result: yes
configure:5468: checking whether the shell understands "+="
configure:5472: result: yes
configure:5507: checking for /usr/bin/ld option to reload object files
configure:5514: result: -r
configure:5583: checking for objdump
configure:5599: found /usr/bin/objdump
configure:5610: result: objdump
configure:5642: checking how to recognize dependent libraries
configure:5838: result: pass_all
configure:5898: checking for ar
configure:5914: found /usr/bin/ar
configure:5925: result: ar
configure:6003: checking for strip
configure:6019: found /usr/bin/strip
configure:6030: result: strip
configure:6102: checking for ranlib
configure:6118: found /usr/bin/ranlib
configure:6129: result: ranlib
configure:6219: checking command to parse /usr/bin/nm -B output from gcc object
configure:6337: gcc -c -g -O2  conftest.c >&5
configure:6340: $? = 0
configure:6344: /usr/bin/nm -B conftest.o \| sed -n -e 's/^.*[	 ]\([ABCDGIRSTW][ABCDGIRSTW]*\)[	 ][	 ]*\([_A-Za-z][_A-Za-z0-9]*\)$/\1 \2 \2/p' \> conftest.nm
configure:6347: $? = 0
configure:6401: gcc -o conftest -g -O2   conftest.c conftstm.o >&5
configure:6404: $? = 0
configure:6442: result: ok
configure:6537: gcc -c -g -O2  conftest.c >&5
configure:6540: $? = 0
configure:7247: checking for dlfcn.h
configure:7247: gcc -c -g -O2  conftest.c >&5
configure:7247: $? = 0
configure:7247: result: yes
configure:7431: checking for objdir
configure:7446: result: .libs
configure:7742: checking if gcc supports -fno-rtti -fno-exceptions
configure:7800: gcc -c -g -O2  -fno-rtti -fno-exceptions conftest.c >&5
cc1: warning: command line option '-fno-rtti' is valid for C++/D/ObjC++ but not for C
configure:7804: $? = 0
configure:7777: result: no
configure:7797: checking for gcc option to produce PIC
configure:8069: result: -fPIC -DPIC
configure:8081: checking if gcc PIC flag -fPIC -DPIC works
configure:8139: gcc -c -g -O2  -fPIC -DPIC -DPIC conftest.c >&5
configure:8143: $? = 0
configure:8116: result: yes
configure:8140: checking if gcc static flag -static works
configure:8168: result: yes
configure:8183: checking if gcc supports -c -o file.o
configure:8244: gcc -c -g -O2  -o out/conftest2.o conftest.c >&5
configure:8248: $? = 0
configure:8230: result: yes
configure:8238: checking if gcc supports -c -o file.o
configure:8285: result: yes
configure:8318: checking whether the gcc linker (/usr/bin/ld -m elf_x86_64) supports shared libraries
configure:9305: result: yes
configure:9342: checking whether -lc should be explicitly linked in
configure:9347: gcc -c -g -O2  conftest.c >&5
configure:9350: $? = 0
configure:9365: gcc -shared conftest.o  -v -Wl,-soname -Wl,conftest -o conftest 2\>\&1 \| /usr/bin/grep  -lc  \>/dev/null 2\>\&1
configure:9368: $? = 0
configure:9380: result: no
configure:9544: checking dynamic linker characteristics
configure:9977: gcc -o conftest -g -O2   -Wl,-rpath -Wl,/foo conftest.c  >&5
configure:9977: $? = 0
configure:10207: result: GNU/Linux ld.so
configure:10309: checking how to hardcode library paths into programs
configure:10334: result: immediate
configure:10854: checking whether stripping libraries is possible
configure:10859: result: yes
configure:10894: checking if libtool supports shared libraries
configure:10896: result: yes
configure:10899: checking whether to build shared libraries
configure:10920: result: yes
configure:10923: checking whether to build static libraries
configure:10927: result: yes
configure:8295: checking for gcc
configure:8322: result: gcc
configure:8551: checking for C compiler version
configure:8560: gcc --version >&5
gcc (Ubuntu 9.3.0-17ubuntu1~20.04) 9.3.0
Copyright (C) 2019 Free Software Foundation, Inc.
This is free software; see the source for copying conditions.  There is NO
warranty; not even for MERCHANTABILITY or FITNESS FOR A PARTICULAR PURPOSE.

configure:8571: $? = 0
configure:8560: gcc -v >&5
Using built-in specs.
COLLECT_GCC=gcc
COLLECT_LTO_WRAPPER=/usr/lib/gcc/x86_64-linux-gnu/9/lto-wrapper
OFFLOAD_TARGET_NAMES=nvptx-none:hsa
OFFLOAD_TARGET_DEFAULT=1
Target: x86_64-linux-gnu
Configured with: ../src/configure -v --with-pkgversion='Ubuntu 9.3.0-17ubuntu1~20.04' --with-bugurl=file:///usr/share/doc/gcc-9/README.Bugs --enable-languages=c,ada,c++,go,brig,d,fortran,objc,obj-c++,gm2 --prefix=/usr --with-gcc-major-version-only --program-suffix=-9 --program-prefix=x86_64-linux-gnu- --enable-shared --enable-linker-build-id --libexecdir=/usr/lib --without-included-gettext --enable-threads=posix --libdir=/usr/lib --enable-nls --enable-clocale=gnu --enable-libstdcxx-debug --enable-libstdcxx-time=yes --with-default-libstdcxx-abi=new --enable-gnu-unique-object --disable-vtable-verify --enable-plugin --enable-default-pie --with-system-zlib --with-target-system-zlib=auto --enable-objc-gc=auto --enable-multiarch --disable-werror --with-arch-32=i686 --with-abi=m64 --with-multilib-list=m32,m64,mx32 --enable-multilib --with-tune=generic --enable-offload-targets=nvptx-none=/build/gcc-9-HskZEa/gcc-9-9.3.0/debian/tmp-nvptx/usr,hsa --without-cuda-driver --enable-checking=release --build=x86_64-linux-gnu --host=x86_64-linux-gnu --target=x86_64-linux-gnu
Thread model: posix
gcc version 9.3.0 (Ubuntu 9.3.0-17ubuntu1~20.04) 
configure:8571: $? = 0
configure:8560: gcc -V >&5
gcc: error: unrecognized command line option '-V'
gcc: fatal error: no input files
compilation terminated.
configure:8571: $? = 1
configure:8560: gcc -qversion >&5
gcc: error: unrecognized command line option '-qversion'; did you mean '--version'?
gcc: fatal error: no input files
compilation terminated.
configure:8571: $? = 1
configure:8575: checking whether we are using the GNU C compiler
configure:8603: result: yes
configure:8612: checking whether gcc accepts -g
configure:8673: result: yes
configure:8690: checking for gcc option to accept ISO C89
configure:8766: result: none needed
configure:8788: checking dependency style of gcc
configure:8879: result: gcc3
configure:8900: checking how to run the C preprocessor
configure:8970: result: gcc -E
configure:8990: gcc -E  conftest.c
configure:8990: $? = 0
configure:9004: gcc -E  conftest.c
conftest.c:28:10: fatal error: ac_nonexistent.h: No such file or directory
   28 | #include <ac_nonexistent.h>
      |          ^~~~~~~~~~~~~~~~~~
compilation terminated.
configure:9004: $? = 1
configure: failed program was:
| /* confdefs.h */
| #define PACKAGE_NAME "Clustal Omega"
| #define PACKAGE_TARNAME "clustal-omega"
| #define PACKAGE_VERSION "1.2.0"
| #define PACKAGE_STRING "Clustal Omega 1.2.0"
| #define PACKAGE_BUGREPORT "clustalw@ucd.ie"
| #define PACKAGE_URL ""
| #define PACKAGE "clustal-omega"
| #define VERSION "1.2.0"
| #define STDC_HEADERS 1
| #define HAVE_SYS_TYPES_H 1
| #define HAVE_SYS_STAT_H 1
| #define HAVE_STDLIB_H 1
| #define HAVE_STRING_H 1
| #define HAVE_MEMORY_H 1
| #define HAVE_STRINGS_H 1
| #define HAVE_INTTYPES_H 1
| #define HAVE_STDINT_H 1
| #define HAVE_UNISTD_H 1
| #define __EXTENSIONS__ 1
| #define _ALL_SOURCE 1
| #define _GNU_SOURCE 1
| #define _POSIX_PTHREAD_SEMANTICS 1
| #define _TANDEM_SOURCE 1
| #define HAVE_DLFCN_H 1
| #define LT_OBJDIR ".libs/"
| /* end confdefs.h.  */
| #include <ac_nonexistent.h>
configure:9095: checking for g++
configure:9111: found /usr/bin/g++
configure:9122: result: g++
configure:9149: checking for C++ compiler version
configure:9158: g++ --version >&5
g++ (Ubuntu 9.3.0-17ubuntu1~20.04) 9.3.0
Copyright (C) 2019 Free Software Foundation, Inc.
This is free software; see the source for copying conditions.  There is NO
warranty; not even for MERCHANTABILITY or FITNESS FOR A PARTICULAR PURPOSE.

configure:9169: $? = 0
configure:9158: g++ -v >&5
Using built-in specs.
COLLECT_GCC=g++
COLLECT_LTO_WRAPPER=/usr/lib/gcc/x86_64-linux-gnu/9/lto-wrapper
OFFLOAD_TARGET_NAMES=nvptx-none:hsa
OFFLOAD_TARGET_DEFAULT=1
Target: x86_64-linux-gnu
Configured with: ../src/configure -v --with-pkgversion='Ubuntu 9.3.0-17ubuntu1~20.04' --with-bugurl=file:///usr/share/doc/gcc-9/README.Bugs --enable-languages=c,ada,c++,go,brig,d,fortran,objc,obj-c++,gm2 --prefix=/usr --with-gcc-major-version-only --program-suffix=-9 --program-prefix=x86_64-linux-gnu- --enable-shared --enable-linker-build-id --libexecdir=/usr/lib --without-included-gettext --enable-threads=posix --libdir=/usr/lib --enable-nls --enable-clocale=gnu --enable-libstdcxx-debug --enable-libstdcxx-time=yes --with-default-libstdcxx-abi=new --enable-gnu-unique-object --disable-vtable-verify --enable-plugin --enable-default-pie --with-system-zlib --with-target-system-zlib=auto --enable-objc-gc=auto --enable-multiarch --disable-werror --with-arch-32=i686 --with-abi=m64 --with-multilib-list=m32,m64,mx32 --enable-multilib --with-tune=generic --enable-offload-targets=nvptx-none=/build/gcc-9-HskZEa/gcc-9-9.3.0/debian/tmp-nvptx/usr,hsa --without-cuda-driver --enable-checking=release --build=x86_64-linux-gnu --host=x86_64-linux-gnu --target=x86_64-linux-gnu
Thread model: posix
gcc version 9.3.0 (Ubuntu 9.3.0-17ubuntu1~20.04) 
configure:9169: $? = 0
configure:9158: g++ -V >&5
g++: error: unrecognized command line option '-V'
g++: fatal error: no input files
compilation terminated.
configure:9169: $? = 1
configure:9158: g++ -qversion >&5
g++: error: unrecognized command line option '-qversion'; did you mean '--version'?
g++: fatal error: no input files
compilation terminated.
configure:9169: $? = 1
configure:9173: checking whether we are using the GNU C++ compiler
configure:9192: g++ -c   conftest.cpp >&5
configure:9192: $? = 0
configure:9201: result: yes
configure:9210: checking whether g++ accepts -g
configure:9230: g++ -c -g  conftest.cpp >&5
configure:9230: $? = 0
configure:9271: result: yes
configure:9296: checking dependency style of g++
configure:9387: result: gcc3
configure:9515: checking for C++ compiler version
configure:9524: g++ --version >&5
g++ (Ubuntu 9.3.0-17ubuntu1~20.04) 9.3.0
Copyright (C) 2019 Free Software Foundation, Inc.
This is free software; see the source for copying conditions.  There is NO
warranty; not even for MERCHANTABILITY or FITNESS FOR A PARTICULAR PURPOSE.

configure:9535: $? = 0
configure:9524: g++ -v >&5
Using built-in specs.
COLLECT_GCC=g++
COLLECT_LTO_WRAPPER=/usr/lib/gcc/x86_64-linux-gnu/9/lto-wrapper
OFFLOAD_TARGET_NAMES=nvptx-none:hsa
OFFLOAD_TARGET_DEFAULT=1
Target: x86_64-linux-gnu
Configured with: ../src/configure -v --with-pkgversion='Ubuntu 9.3.0-17ubuntu1~20.04' --with-bugurl=file:///usr/share/doc/gcc-9/README.Bugs --enable-languages=c,ada,c++,go,brig,d,fortran,objc,obj-c++,gm2 --prefix=/usr --with-gcc-major-version-only --program-suffix=-9 --program-prefix=x86_64-linux-gnu- --enable-shared --enable-linker-build-id --libexecdir=/usr/lib --without-included-gettext --enable-threads=posix --libdir=/usr/lib --enable-nls --enable-clocale=gnu --enable-libstdcxx-debug --enable-libstdcxx-time=yes --with-default-libstdcxx-abi=new --enable-gnu-unique-object --disable-vtable-verify --enable-plugin --enable-default-pie --with-system-zlib --with-target-system-zlib=auto --enable-objc-gc=auto --enable-multiarch --disable-werror --with-arch-32=i686 --with-abi=m64 --with-multilib-list=m32,m64,mx32 --enable-multilib --with-tune=generic --enable-offload-targets=nvptx-none=/build/gcc-9-HskZEa/gcc-9-9.3.0/debian/tmp-nvptx/usr,hsa --without-cuda-driver --enable-checking=release --build=x86_64-linux-gnu --host=x86_64-linux-gnu --target=x86_64-linux-gnu
Thread model: posix
gcc version 9.3.0 (Ubuntu 9.3.0-17ubuntu1~20.04) 
configure:9535: $? = 0
configure:9524: g++ -V >&5
g++: error: unrecognized command line option '-V'
g++: fatal error: no input files
compilation terminated.
configure:9535: $? = 1
configure:9524: g++ -qversion >&5
g++: error: unrecognized command line option '-qversion'; did you mean '--version'?
g++: fatal error: no input files
compilation terminated.
configure:9535: $? = 1
configure:9539: checking whether we are using the GNU C++ compiler
configure:9567: result: yes
configure:9576: checking whether g++ accepts -g
configure:9637: result: yes
configure:9662: checking dependency style of g++
configure:9753: result: gcc3
configure:9776: checking how to run the C++ preprocessor
configure:9803: g++ -E  conftest.cpp
configure:9803: $? = 0
configure:9817: g++ -E  conftest.cpp
conftest.cpp:28:10: fatal error: ac_nonexistent.h: No such file or directory
   28 | #include <ac_nonexistent.h>
      |          ^~~~~~~~~~~~~~~~~~
compilation terminated.
configure:9817: $? = 1
configure: failed program was:
| /* confdefs.h */
| #define PACKAGE_NAME "Clustal Omega"
| #define PACKAGE_TARNAME "clustal-omega"
| #define PACKAGE_VERSION "1.2.0"
| #define PACKAGE_STRING "Clustal Omega 1.2.0"
| #define PACKAGE_BUGREPORT "clustalw@ucd.ie"
| #define PACKAGE_URL ""
| #define PACKAGE "clustal-omega"
| #define VERSION "1.2.0"
| #define STDC_HEADERS 1
| #define HAVE_SYS_TYPES_H 1
| #define HAVE_SYS_STAT_H 1
| #define HAVE_STDLIB_H 1
| #define HAVE_STRING_H 1
| #define HAVE_MEMORY_H 1
| #define HAVE_STRINGS_H 1
| #define HAVE_INTTYPES_H 1
| #define HAVE_STDINT_H 1
| #define HAVE_UNISTD_H 1
| #define __EXTENSIONS__ 1
| #define _ALL_SOURCE 1
| #define _GNU_SOURCE 1
| #define _POSIX_PTHREAD_SEMANTICS 1
| #define _TANDEM_SOURCE 1
| #define HAVE_DLFCN_H 1
| #define LT_OBJDIR ".libs/"
| /* end confdefs.h.  */
| #include <ac_nonexistent.h>
configure:9842: result: g++ -E
configure:9862: g++ -E  conftest.cpp
configure:9862: $? = 0
configure:9876: g++ -E  conftest.cpp
conftest.cpp:28:10: fatal error: ac_nonexistent.h: No such file or directory
   28 | #include <ac_nonexistent.h>
      |          ^~~~~~~~~~~~~~~~~~
compilation terminated.
configure:9876: $? = 1
configure: failed program was:
| /* confdefs.h */
| #define PACKAGE_NAME "Clustal Omega"
| #define PACKAGE_TARNAME "clustal-omega"
| #define PACKAGE_VERSION "1.2.0"
| #define PACKAGE_STRING "Clustal Omega 1.2.0"
| #define PACKAGE_BUGREPORT "clustalw@ucd.ie"
| #define PACKAGE_URL ""
| #define PACKAGE "clustal-omega"
| #define VERSION "1.2.0"
| #define STDC_HEADERS 1
| #define HAVE_SYS_TYPES_H 1
| #define HAVE_SYS_STAT_H 1
| #define HAVE_STDLIB_H 1
| #define HAVE_STRING_H 1
| #define HAVE_MEMORY_H 1
| #define HAVE_STRINGS_H 1
| #define HAVE_INTTYPES_H 1
| #define HAVE_STDINT_H 1
| #define HAVE_UNISTD_H 1
| #define __EXTENSIONS__ 1
| #define _ALL_SOURCE 1
| #define _GNU_SOURCE 1
| #define _POSIX_PTHREAD_SEMANTICS 1
| #define _TANDEM_SOURCE 1
| #define HAVE_DLFCN_H 1
| #define LT_OBJDIR ".libs/"
| /* end confdefs.h.  */
| #include <ac_nonexistent.h>
configure:10044: checking for ld used by g++
configure:10111: result: /usr/bin/ld -m elf_x86_64
configure:10118: checking if the linker (/usr/bin/ld -m elf_x86_64) is GNU ld
configure:10133: result: yes
configure:10188: checking whether the g++ linker (/usr/bin/ld -m elf_x86_64) supports shared libraries
configure:11101: result: yes
configure:11129: g++ -c -g -O2  conftest.cpp >&5
configure:11132: $? = 0
configure:11314: checking for g++ option to produce PIC
configure:11631: result: -fPIC -DPIC
configure:11640: checking if g++ PIC flag -fPIC -DPIC works
configure:14426: g++ -c -g -O2  -fPIC -DPIC -DPIC conftest.cpp >&5
configure:14430: $? = 0
configure:11675: result: yes
configure:11696: checking if g++ static flag -static works
configure:11724: result: yes
configure:11736: checking if g++ supports -c -o file.o
configure:14525: g++ -c -g -O2  -o out/conftest2.o conftest.cpp >&5
configure:14529: $? = 0
configure:11783: result: yes
configure:11788: checking if g++ supports -c -o file.o
configure:11835: result: yes
configure:11865: checking whether the g++ linker (/usr/bin/ld -m elf_x86_64) supports shared libraries
configure:11894: result: yes
configure:12031: checking dynamic linker characteristics
configure:12412: g++ -o conftest -g -O2   -Wl,-rpath -Wl,/foo conftest.cpp  >&5
configure:12412: $? = 0
configure:12642: result: GNU/Linux ld.so
configure:12693: checking how to hardcode library paths into programs
configure:12718: result: immediate
configure:11773: checking how to run the C++ preprocessor
configure:11839: result: g++ -E
configure:11859: g++ -E  conftest.cpp
configure:11859: $? = 0
configure:11873: g++ -E  conftest.cpp
conftest.cpp:28:10: fatal error: ac_nonexistent.h: No such file or directory
   28 | #include <ac_nonexistent.h>
      |          ^~~~~~~~~~~~~~~~~~
compilation terminated.
configure:11873: $? = 1
configure: failed program was:
| /* confdefs.h */
| #define PACKAGE_NAME "Clustal Omega"
| #define PACKAGE_TARNAME "clustal-omega"
| #define PACKAGE_VERSION "1.2.0"
| #define PACKAGE_STRING "Clustal Omega 1.2.0"
| #define PACKAGE_BUGREPORT "clustalw@ucd.ie"
| #define PACKAGE_URL ""
| #define PACKAGE "clustal-omega"
| #define VERSION "1.2.0"
| #define STDC_HEADERS 1
| #define HAVE_SYS_TYPES_H 1
| #define HAVE_SYS_STAT_H 1
| #define HAVE_STDLIB_H 1
| #define HAVE_STRING_H 1
| #define HAVE_MEMORY_H 1
| #define HAVE_STRINGS_H 1
| #define HAVE_INTTYPES_H 1
| #define HAVE_STDINT_H 1
| #define HAVE_UNISTD_H 1
| #define __EXTENSIONS__ 1
| #define _ALL_SOURCE 1
| #define _GNU_SOURCE 1
| #define _POSIX_PTHREAD_SEMANTICS 1
| #define _TANDEM_SOURCE 1
| #define HAVE_DLFCN_H 1
| #define LT_OBJDIR ".libs/"
| /* end confdefs.h.  */
| #include <ac_nonexistent.h>
configure:12054: checking for ANSI C header files
configure:12158: result: yes
configure:12170: checking assert.h usability
configure:12170: gcc -c -g -O2  conftest.c >&5
configure:12170: $? = 0
configure:12170: result: yes
configure:12170: checking assert.h presence
configure:12170: gcc -E  conftest.c
configure:12170: $? = 0
configure:12170: result: yes
configure:12170: checking for assert.h
configure:12170: result: yes
configure:12170: checking ctype.h usability
configure:12170: gcc -c -g -O2  conftest.c >&5
configure:12170: $? = 0
configure:12170: result: yes
configure:12170: checking ctype.h presence
configure:12170: gcc -E  conftest.c
configure:12170: $? = 0
configure:12170: result: yes
configure:12170: checking for ctype.h
configure:12170: result: yes
configure:12170: checking float.h usability
configure:12170: gcc -c -g -O2  conftest.c >&5
configure:12170: $? = 0
configure:12170: result: yes
configure:12170: checking float.h presence
configure:12170: gcc -E  conftest.c
configure:12170: $? = 0
configure:12170: result: yes
configure:12170: checking for float.h
configure:12170: result: yes
configure:12170: checking limits.h usability
configure:12170: gcc -c -g -O2  conftest.c >&5
configure:12170: $? = 0
configure:12170: result: yes
configure:12170: checking limits.h presence
configure:12170: gcc -E  conftest.c
configure:12170: $? = 0
configure:12170: result: yes
configure:12170: checking for limits.h
configure:12170: result: yes
configure:12170: checking math.h usability
configure:12170: gcc -c -g -O2  conftest.c >&5
configure:12170: $? = 0
configure:12170: result: yes
configure:12170: checking math.h presence
configure:12170: gcc -E  conftest.c
configure:12170: $? = 0
configure:12170: result: yes
configure:12170: checking for math.h
configure:12170: result: yes
configure:12170: checking for memory.h
configure:12170: result: yes
configure:12170: checking stdarg.h usability
configure:12170: gcc -c -g -O2  conftest.c >&5
configure:12170: $? = 0
configure:12170: result: yes
configure:12170: checking stdarg.h presence
configure:12170: gcc -E  conftest.c
configure:12170: $? = 0
configure:12170: result: yes
configure:12170: checking for stdarg.h
configure:12170: result: yes
configure:12170: checking stdio.h usability
configure:12170: gcc -c -g -O2  conftest.c >&5
configure:12170: $? = 0
configure:12170: result: yes
configure:12170: checking stdio.h presence
configure:12170: gcc -E  conftest.c
configure:12170: $? = 0
configure:12170: result: yes
configure:12170: checking for stdio.h
configure:12170: result: yes
configure:12170: checking for stdlib.h
configure:12170: result: yes
configure:12170: checking for string.h
configure:12170: result: yes
configure:12170: checking time.h usability
configure:12170: gcc -c -g -O2  conftest.c >&5
configure:12170: $? = 0
configure:12170: result: yes
configure:12170: checking time.h presence
configure:12170: gcc -E  conftest.c
configure:12170: $? = 0
configure:12170: result: yes
configure:12170: checking for time.h
configure:12170: result: yes
configure:12170: checking for unistd.h
configure:12170: result: yes
configure:12183: checking for an ANSI C-conforming const
configure:12249: gcc -c -g -O2  conftest.c >&5
configure:12249: $? = 0
configure:12256: result: yes
configure:12264: checking for size_t
configure:12264: gcc -c -g -O2  conftest.c >&5
configure:12264: $? = 0
configure:12264: gcc -c -g -O2  conftest.c >&5
conftest.c: In function 'main':
conftest.c:80:21: error: expected expression before ')' token
   80 | if (sizeof ((size_t)))
      |                     ^
configure:12264: $? = 1
configure: failed program was:
| /* confdefs.h */
| #define PACKAGE_NAME "Clustal Omega"
| #define PACKAGE_TARNAME "clustal-omega"
| #define PACKAGE_VERSION "1.2.0"
| #define PACKAGE_STRING "Clustal Omega 1.2.0"
| #define PACKAGE_BUGREPORT "clustalw@ucd.ie"
| #define PACKAGE_URL ""
| #define PACKAGE "clustal-omega"
| #define VERSION "1.2.0"
| #define STDC_HEADERS 1
| #define HAVE_SYS_TYPES_H 1
| #define HAVE_SYS_STAT_H 1
| #define HAVE_STDLIB_H 1
| #define HAVE_STRING_H 1
| #define HAVE_MEMORY_H 1
| #define HAVE_STRINGS_H 1
| #define HAVE_INTTYPES_H 1
| #define HAVE_STDINT_H 1
| #define HAVE_UNISTD_H 1
| #define __EXTENSIONS__ 1
| #define _ALL_SOURCE 1
| #define _GNU_SOURCE 1
| #define _POSIX_PTHREAD_SEMANTICS 1
| #define _TANDEM_SOURCE 1
| #define HAVE_DLFCN_H 1
| #define LT_OBJDIR ".libs/"
| #define CLUSTALO 1
| #define PACKAGE_CODENAME "AndreaGiacomo"
| #define LINUX 1
| #define STDC_HEADERS 1
| #define HAVE_ASSERT_H 1
| #define HAVE_CTYPE_H 1
| #define HAVE_FLOAT_H 1
| #define HAVE_LIMITS_H 1
| #define HAVE_MATH_H 1
| #define HAVE_MEMORY_H 1
| #define HAVE_STDARG_H 1
| #define HAVE_STDIO_H 1
| #define HAVE_STDLIB_H 1
| #define HAVE_STRING_H 1
| #define HAVE_TIME_H 1
| #define HAVE_UNISTD_H 1
| /* end confdefs.h.  */
| #include <stdio.h>
| #ifdef HAVE_SYS_TYPES_H
| # include <sys/types.h>
| #endif
| #ifdef HAVE_SYS_STAT_H
| # include <sys/stat.h>
| #endif
| #ifdef STDC_HEADERS
| # include <stdlib.h>
| # include <stddef.h>
| #else
| # ifdef HAVE_STDLIB_H
| #  include <stdlib.h>
| # endif
| #endif
| #ifdef HAVE_STRING_H
| # if !defined STDC_HEADERS && defined HAVE_MEMORY_H
| #  include <memory.h>
| # endif
| # include <string.h>
| #endif
| #ifdef HAVE_STRINGS_H
| # include <strings.h>
| #endif
| #ifdef HAVE_INTTYPES_H
| # include <inttypes.h>
| #endif
| #ifdef HAVE_STDINT_H
| # include <stdint.h>
| #endif
| #ifdef HAVE_UNISTD_H
| # include <unistd.h>
| #endif
| int
| main ()
| {
| if (sizeof ((size_t)))
| 	    return 0;
|   ;
|   return 0;
| }
configure:12264: result: yes
configure:12275: checking for inline
configure:12291: gcc -c -g -O2  conftest.c >&5
configure:12291: $? = 0
configure:12299: result: inline
configure:12324: checking for log in -lm
configure:12349: gcc -o conftest -g -O2   conftest.c -lm   >&5
conftest.c:51:6: warning: conflicting types for built-in function 'log'; expected 'double(double)' [-Wbuiltin-declaration-mismatch]
   51 | char log ();
      |      ^~~
conftest.c:1:1: note: 'log' is declared in header '<math.h>'
    1 | /* confdefs.h */
configure:12349: $? = 0
configure:12358: result: yes
configure:12371: checking for log2 in -lm
configure:12396: gcc -o conftest -g -O2   conftest.c -lm  -lm  >&5
conftest.c:52:6: warning: conflicting types for built-in function 'log2'; expected 'double(double)' [-Wbuiltin-declaration-mismatch]
   52 | char log2 ();
      |      ^~~~
conftest.c:1:1: note: 'log2' is declared in header '<math.h>'
    1 | /* confdefs.h */
configure:12396: $? = 0
configure:12405: result: yes
configure:12550: checking for OpenMP flag of C compiler
configure:12586: gcc -o conftest -g -O2 -fopenmp   conftest.c -lm  >&5
configure:12586: $? = 0
configure:12595: result: -fopenmp
configure:12640: checking whether byte ordering is bigendian
configure:12655: gcc -c -g -O2  conftest.c >&5
conftest.c:48:9: error: unknown type name 'not'
   48 |         not a universal capable compiler
      |         ^~~
conftest.c:48:15: error: expected '=', ',', ';', 'asm' or '__attribute__' before 'universal'
   48 |         not a universal capable compiler
      |               ^~~~~~~~~
conftest.c:48:15: error: unknown type name 'universal'
configure:12655: $? = 1
configure: failed program was:
| /* confdefs.h */
| #define PACKAGE_NAME "Clustal Omega"
| #define PACKAGE_TARNAME "clustal-omega"
| #define PACKAGE_VERSION "1.2.0"
| #define PACKAGE_STRING "Clustal Omega 1.2.0"
| #define PACKAGE_BUGREPORT "clustalw@ucd.ie"
| #define PACKAGE_URL ""
| #define PACKAGE "clustal-omega"
| #define VERSION "1.2.0"
| #define STDC_HEADERS 1
| #define HAVE_SYS_TYPES_H 1
| #define HAVE_SYS_STAT_H 1
| #define HAVE_STDLIB_H 1
| #define HAVE_STRING_H 1
| #define HAVE_MEMORY_H 1
| #define HAVE_STRINGS_H 1
| #define HAVE_INTTYPES_H 1
| #define HAVE_STDINT_H 1
| #define HAVE_UNISTD_H 1
| #define __EXTENSIONS__ 1
| #define _ALL_SOURCE 1
| #define _GNU_SOURCE 1
| #define _POSIX_PTHREAD_SEMANTICS 1
| #define _TANDEM_SOURCE 1
| #define HAVE_DLFCN_H 1
| #define LT_OBJDIR ".libs/"
| #define CLUSTALO 1
| #define PACKAGE_CODENAME "AndreaGiacomo"
| #define LINUX 1
| #define STDC_HEADERS 1
| #define HAVE_ASSERT_H 1
| #define HAVE_CTYPE_H 1
| #define HAVE_FLOAT_H 1
| #define HAVE_LIMITS_H 1
| #define HAVE_MATH_H 1
| #define HAVE_MEMORY_H 1
| #define HAVE_STDARG_H 1
| #define HAVE_STDIO_H 1
| #define HAVE_STDLIB_H 1
| #define HAVE_STRING_H 1
| #define HAVE_TIME_H 1
| #define HAVE_UNISTD_H 1
| #define HAVE_LIBM 1
| #define HAVE_LOG2 1
| #define HAVE_OPENMP 1
| /* end confdefs.h.  */
| #ifndef __APPLE_CC__
| 	       not a universal capable compiler
| 	     #endif
| 	     typedef int dummy;
| 
configure:12700: gcc -c -g -O2  conftest.c >&5
configure:12700: $? = 0
configure:12718: gcc -c -g -O2  conftest.c >&5
conftest.c: In function 'main':
conftest.c:54:4: error: unknown type name 'not'; did you mean 'ino_t'?
   54 |    not big endian
      |    ^~~
      |    ino_t
conftest.c:54:12: error: expected '=', ',', ';', 'asm' or '__attribute__' before 'endian'
   54 |    not big endian
      |            ^~~~~~
configure:12718: $? = 1
configure: failed program was:
| /* confdefs.h */
| #define PACKAGE_NAME "Clustal Omega"
| #define PACKAGE_TARNAME "clustal-omega"
| #define PACKAGE_VERSION "1.2.0"
| #define PACKAGE_STRING "Clustal Omega 1.2.0"
| #define PACKAGE_BUGREPORT "clustalw@ucd.ie"
| #define PACKAGE_URL ""
| #define PACKAGE "clustal-omega"
| #define VERSION "1.2.0"
| #define STDC_HEADERS 1
| #define HAVE_SYS_TYPES_H 1
| #define HAVE_SYS_STAT_H 1
| #define HAVE_STDLIB_H 1
| #define HAVE_STRING_H 1
| #define HAVE_MEMORY_H 1
| #define HAVE_STRINGS_H 1
| #define HAVE_INTTYPES_H 1
| #define HAVE_STDINT_H 1
| #define HAVE_UNISTD_H 1
| #define __EXTENSIONS__ 1
| #define _ALL_SOURCE 1
| #define _GNU_SOURCE 1
| #define _POSIX_PTHREAD_SEMANTICS 1
| #define _TANDEM_SOURCE 1
| #define HAVE_DLFCN_H 1
| #define LT_OBJDIR ".libs/"
| #define CLUSTALO 1
| #define PACKAGE_CODENAME "AndreaGiacomo"
| #define LINUX 1
| #define STDC_HEADERS 1
| #define HAVE_ASSERT_H 1
| #define HAVE_CTYPE_H 1
| #define HAVE_FLOAT_H 1
| #define HAVE_LIMITS_H 1
| #define HAVE_MATH_H 1
| #define HAVE_MEMORY_H 1
| #define HAVE_STDARG_H 1
| #define HAVE_STDIO_H 1
| #define HAVE_STDLIB_H 1
| #define HAVE_STRING_H 1
| #define HAVE_TIME_H 1
| #define HAVE_UNISTD_H 1
| #define HAVE_LIBM 1
| #define HAVE_LOG2 1
| #define HAVE_OPENMP 1
| /* end confdefs.h.  */
| #include <sys/types.h>
| 		#include <sys/param.h>
| 
| int
| main ()
| {
| #if BYTE_ORDER != BIG_ENDIAN
| 		 not big endian
| 		#endif
| 
|   ;
|   return 0;
| }
configure:12846: result: no
configure:12867: checking for ntohs
configure:12867: gcc -o conftest -g -O2   conftest.c -lm  >&5
configure:12867: $? = 0
configure:12867: result: yes
configure:12867: checking for ntohl
configure:12867: gcc -o conftest -g -O2   conftest.c -lm  >&5
configure:12867: $? = 0
configure:12867: result: yes
configure:12867: checking for ntons
configure:12867: gcc -o conftest -g -O2   conftest.c -lm  >&5
/usr/bin/ld: /tmp/ccCKBzV3.o: in function `main':
/home/richel/GitHubs/msa/src/ClustalOmega/conftest.c:83: undefined reference to `ntons'
collect2: error: ld returned 1 exit status
configure:12867: $? = 1
configure: failed program was:
| /* confdefs.h */
| #define PACKAGE_NAME "Clustal Omega"
| #define PACKAGE_TARNAME "clustal-omega"
| #define PACKAGE_VERSION "1.2.0"
| #define PACKAGE_STRING "Clustal Omega 1.2.0"
| #define PACKAGE_BUGREPORT "clustalw@ucd.ie"
| #define PACKAGE_URL ""
| #define PACKAGE "clustal-omega"
| #define VERSION "1.2.0"
| #define STDC_HEADERS 1
| #define HAVE_SYS_TYPES_H 1
| #define HAVE_SYS_STAT_H 1
| #define HAVE_STDLIB_H 1
| #define HAVE_STRING_H 1
| #define HAVE_MEMORY_H 1
| #define HAVE_STRINGS_H 1
| #define HAVE_INTTYPES_H 1
| #define HAVE_STDINT_H 1
| #define HAVE_UNISTD_H 1
| #define __EXTENSIONS__ 1
| #define _ALL_SOURCE 1
| #define _GNU_SOURCE 1
| #define _POSIX_PTHREAD_SEMANTICS 1
| #define _TANDEM_SOURCE 1
| #define HAVE_DLFCN_H 1
| #define LT_OBJDIR ".libs/"
| #define CLUSTALO 1
| #define PACKAGE_CODENAME "AndreaGiacomo"
| #define LINUX 1
| #define STDC_HEADERS 1
| #define HAVE_ASSERT_H 1
| #define HAVE_CTYPE_H 1
| #define HAVE_FLOAT_H 1
| #define HAVE_LIMITS_H 1
| #define HAVE_MATH_H 1
| #define HAVE_MEMORY_H 1
| #define HAVE_STDARG_H 1
| #define HAVE_STDIO_H 1
| #define HAVE_STDLIB_H 1
| #define HAVE_STRING_H 1
| #define HAVE_TIME_H 1
| #define HAVE_UNISTD_H 1
| #define HAVE_LIBM 1
| #define HAVE_LOG2 1
| #define HAVE_OPENMP 1
| #define HAVE_NTOHS 1
| #define HAVE_NTOHL 1
| /* end confdefs.h.  */
| /* Define ntons to an innocuous variant, in case <limits.h> declares ntons.
|    For example, HP-UX 11i <limits.h> declares gettimeofday.  */
| #define ntons innocuous_ntons
| 
| /* System header to define __stub macros and hopefully few prototypes,
|     which can conflict with char ntons (); below.
|     Prefer <limits.h> to <assert.h> if __STDC__ is defined, since
|     <limits.h> exists even on freestanding compilers.  */
| 
| #ifdef __STDC__
| # include <limits.h>
| #else
| # include <assert.h>
| #endif
| 
| #undef ntons
| 
| /* Override any GCC internal prototype to avoid an error.
|    Use char because int might match the return type of a GCC
|    builtin and then its argument prototype would still apply.  */
| #ifdef __cplusplus
| extern "C"
| #endif
| char ntons ();
| /* The GNU C library defines this for functions which it implements
|     to always fail with ENOSYS.  Some functions are actually named
|     something starting with __ and the normal name is an alias.  */
| #if defined __stub_ntons || defined __stub___ntons
| choke me
| #endif
| 
| int
| main ()
| {
| return ntons ();
|   ;
|   return 0;
| }
configure:12867: result: no
configure:12867: checking for ntonl
configure:12867: gcc -o conftest -g -O2   conftest.c -lm  >&5
/usr/bin/ld: /tmp/ccXDJFFt.o: in function `main':
/home/richel/GitHubs/msa/src/ClustalOmega/conftest.c:83: undefined reference to `ntonl'
collect2: error: ld returned 1 exit status
configure:12867: $? = 1
configure: failed program was:
| /* confdefs.h */
| #define PACKAGE_NAME "Clustal Omega"
| #define PACKAGE_TARNAME "clustal-omega"
| #define PACKAGE_VERSION "1.2.0"
| #define PACKAGE_STRING "Clustal Omega 1.2.0"
| #define PACKAGE_BUGREPORT "clustalw@ucd.ie"
| #define PACKAGE_URL ""
| #define PACKAGE "clustal-omega"
| #define VERSION "1.2.0"
| #define STDC_HEADERS 1
| #define HAVE_SYS_TYPES_H 1
| #define HAVE_SYS_STAT_H 1
| #define HAVE_STDLIB_H 1
| #define HAVE_STRING_H 1
| #define HAVE_MEMORY_H 1
| #define HAVE_STRINGS_H 1
| #define HAVE_INTTYPES_H 1
| #define HAVE_STDINT_H 1
| #define HAVE_UNISTD_H 1
| #define __EXTENSIONS__ 1
| #define _ALL_SOURCE 1
| #define _GNU_SOURCE 1
| #define _POSIX_PTHREAD_SEMANTICS 1
| #define _TANDEM_SOURCE 1
| #define HAVE_DLFCN_H 1
| #define LT_OBJDIR ".libs/"
| #define CLUSTALO 1
| #define PACKAGE_CODENAME "AndreaGiacomo"
| #define LINUX 1
| #define STDC_HEADERS 1
| #define HAVE_ASSERT_H 1
| #define HAVE_CTYPE_H 1
| #define HAVE_FLOAT_H 1
| #define HAVE_LIMITS_H 1
| #define HAVE_MATH_H 1
| #define HAVE_MEMORY_H 1
| #define HAVE_STDARG_H 1
| #define HAVE_STDIO_H 1
| #define HAVE_STDLIB_H 1
| #define HAVE_STRING_H 1
| #define HAVE_TIME_H 1
| #define HAVE_UNISTD_H 1
| #define HAVE_LIBM 1
| #define HAVE_LOG2 1
| #define HAVE_OPENMP 1
| #define HAVE_NTOHS 1
| #define HAVE_NTOHL 1
| /* end confdefs.h.  */
| /* Define ntonl to an innocuous variant, in case <limits.h> declares ntonl.
|    For example, HP-UX 11i <limits.h> declares gettimeofday.  */
| #define ntonl innocuous_ntonl
| 
| /* System header to define __stub macros and hopefully few prototypes,
|     which can conflict with char ntonl (); below.
|     Prefer <limits.h> to <assert.h> if __STDC__ is defined, since
|     <limits.h> exists even on freestanding compilers.  */
| 
| #ifdef __STDC__
| # include <limits.h>
| #else
| # include <assert.h>
| #endif
| 
| #undef ntonl
| 
| /* Override any GCC internal prototype to avoid an error.
|    Use char because int might match the return type of a GCC
|    builtin and then its argument prototype would still apply.  */
| #ifdef __cplusplus
| extern "C"
| #endif
| char ntonl ();
| /* The GNU C library defines this for functions which it implements
|     to always fail with ENOSYS.  Some functions are actually named
|     something starting with __ and the normal name is an alias.  */
| #if defined __stub_ntonl || defined __stub___ntonl
| choke me
| #endif
| 
| int
| main ()
| {
| return ntonl ();
|   ;
|   return 0;
| }
configure:12867: result: no
configure:12881: checking size of unsigned short
configure:12886: gcc -o conftest -g -O2   conftest.c -lm  >&5
configure:12886: $? = 0
configure:12886: ./conftest
configure:12886: $? = 0
configure:12900: result: 2
configure:12914: checking size of unsigned int
configure:12919: gcc -o conftest -g -O2   conftest.c -lm  >&5
configure:12919: $? = 0
configure:12919: ./conftest
configure:12919: $? = 0
configure:12933: result: 4
configure:12947: checking size of unsigned long
configure:12952: gcc -o conftest -g -O2   conftest.c -lm  >&5
configure:12952: $? = 0
configure:12952: ./conftest
configure:12952: $? = 0
configure:12966: result: 8
configure:12980: checking size of unsigned long long
configure:12985: gcc -o conftest -g -O2   conftest.c -lm  >&5
configure:12985: $? = 0
configure:12985: ./conftest
configure:12985: $? = 0
configure:12999: result: 8
configure:13013: checking for stroul
configure:13013: gcc -o conftest -g -O2   conftest.c -lm  >&5
/usr/bin/ld: /tmp/ccBHP4MR.o: in function `main':
/home/richel/GitHubs/msa/src/ClustalOmega/conftest.c:87: undefined reference to `stroul'
collect2: error: ld returned 1 exit status
configure:13013: $? = 1
configure: failed program was:
| /* confdefs.h */
| #define PACKAGE_NAME "Clustal Omega"
| #define PACKAGE_TARNAME "clustal-omega"
| #define PACKAGE_VERSION "1.2.0"
| #define PACKAGE_STRING "Clustal Omega 1.2.0"
| #define PACKAGE_BUGREPORT "clustalw@ucd.ie"
| #define PACKAGE_URL ""
| #define PACKAGE "clustal-omega"
| #define VERSION "1.2.0"
| #define STDC_HEADERS 1
| #define HAVE_SYS_TYPES_H 1
| #define HAVE_SYS_STAT_H 1
| #define HAVE_STDLIB_H 1
| #define HAVE_STRING_H 1
| #define HAVE_MEMORY_H 1
| #define HAVE_STRINGS_H 1
| #define HAVE_INTTYPES_H 1
| #define HAVE_STDINT_H 1
| #define HAVE_UNISTD_H 1
| #define __EXTENSIONS__ 1
| #define _ALL_SOURCE 1
| #define _GNU_SOURCE 1
| #define _POSIX_PTHREAD_SEMANTICS 1
| #define _TANDEM_SOURCE 1
| #define HAVE_DLFCN_H 1
| #define LT_OBJDIR ".libs/"
| #define CLUSTALO 1
| #define PACKAGE_CODENAME "AndreaGiacomo"
| #define LINUX 1
| #define STDC_HEADERS 1
| #define HAVE_ASSERT_H 1
| #define HAVE_CTYPE_H 1
| #define HAVE_FLOAT_H 1
| #define HAVE_LIMITS_H 1
| #define HAVE_MATH_H 1
| #define HAVE_MEMORY_H 1
| #define HAVE_STDARG_H 1
| #define HAVE_STDIO_H 1
| #define HAVE_STDLIB_H 1
| #define HAVE_STRING_H 1
| #define HAVE_TIME_H 1
| #define HAVE_UNISTD_H 1
| #define HAVE_LIBM 1
| #define HAVE_LOG2 1
| #define HAVE_OPENMP 1
| #define HAVE_NTOHS 1
| #define HAVE_NTOHL 1
| #define SIZEOF_UNSIGNED_SHORT 2
| #define SIZEOF_UNSIGNED_INT 4
| #define SIZEOF_UNSIGNED_LONG 8
| #define SIZEOF_UNSIGNED_LONG_LONG 8
| /* end confdefs.h.  */
| /* Define stroul to an innocuous variant, in case <limits.h> declares stroul.
|    For example, HP-UX 11i <limits.h> declares gettimeofday.  */
| #define stroul innocuous_stroul
| 
| /* System header to define __stub macros and hopefully few prototypes,
|     which can conflict with char stroul (); below.
|     Prefer <limits.h> to <assert.h> if __STDC__ is defined, since
|     <limits.h> exists even on freestanding compilers.  */
| 
| #ifdef __STDC__
| # include <limits.h>
| #else
| # include <assert.h>
| #endif
| 
| #undef stroul
| 
| /* Override any GCC internal prototype to avoid an error.
|    Use char because int might match the return type of a GCC
|    builtin and then its argument prototype would still apply.  */
| #ifdef __cplusplus
| extern "C"
| #endif
| char stroul ();
| /* The GNU C library defines this for functions which it implements
|     to always fail with ENOSYS.  Some functions are actually named
|     something starting with __ and the normal name is an alias.  */
| #if defined __stub_stroul || defined __stub___stroul
| choke me
| #endif
| 
| int
| main ()
| {
| return stroul ();
|   ;
|   return 0;
| }
configure:13013: result: no
configure:13013: checking for strtoull
configure:13013: gcc -o conftest -g -O2   conftest.c -lm  >&5
configure:13013: $? = 0
configure:13013: result: yes
configure:13025: checking for ftello
configure:13025: gcc -o conftest -g -O2   conftest.c -lm  >&5
configure:13025: $? = 0
configure:13025: result: yes
configure:13025: checking for fseeko
configure:13025: gcc -o conftest -g -O2   conftest.c -lm  >&5
configure:13025: $? = 0
configure:13025: result: yes
configure:13037: checking for ftello64
configure:13037: gcc -o conftest -g -O2   conftest.c -lm  >&5
configure:13037: $? = 0
configure:13037: result: yes
configure:13037: checking for fseeko64
configure:13037: gcc -o conftest -g -O2   conftest.c -lm  >&5
configure:13037: $? = 0
configure:13037: result: yes
configure:13049: checking for ftell64
configure:13049: gcc -o conftest -g -O2   conftest.c -lm  >&5
/usr/bin/ld: /tmp/cctgwz1J.o: in function `main':
/home/richel/GitHubs/msa/src/ClustalOmega/conftest.c:92: undefined reference to `ftell64'
collect2: error: ld returned 1 exit status
configure:13049: $? = 1
configure: failed program was:
| /* confdefs.h */
| #define PACKAGE_NAME "Clustal Omega"
| #define PACKAGE_TARNAME "clustal-omega"
| #define PACKAGE_VERSION "1.2.0"
| #define PACKAGE_STRING "Clustal Omega 1.2.0"
| #define PACKAGE_BUGREPORT "clustalw@ucd.ie"
| #define PACKAGE_URL ""
| #define PACKAGE "clustal-omega"
| #define VERSION "1.2.0"
| #define STDC_HEADERS 1
| #define HAVE_SYS_TYPES_H 1
| #define HAVE_SYS_STAT_H 1
| #define HAVE_STDLIB_H 1
| #define HAVE_STRING_H 1
| #define HAVE_MEMORY_H 1
| #define HAVE_STRINGS_H 1
| #define HAVE_INTTYPES_H 1
| #define HAVE_STDINT_H 1
| #define HAVE_UNISTD_H 1
| #define __EXTENSIONS__ 1
| #define _ALL_SOURCE 1
| #define _GNU_SOURCE 1
| #define _POSIX_PTHREAD_SEMANTICS 1
| #define _TANDEM_SOURCE 1
| #define HAVE_DLFCN_H 1
| #define LT_OBJDIR ".libs/"
| #define CLUSTALO 1
| #define PACKAGE_CODENAME "AndreaGiacomo"
| #define LINUX 1
| #define STDC_HEADERS 1
| #define HAVE_ASSERT_H 1
| #define HAVE_CTYPE_H 1
| #define HAVE_FLOAT_H 1
| #define HAVE_LIMITS_H 1
| #define HAVE_MATH_H 1
| #define HAVE_MEMORY_H 1
| #define HAVE_STDARG_H 1
| #define HAVE_STDIO_H 1
| #define HAVE_STDLIB_H 1
| #define HAVE_STRING_H 1
| #define HAVE_TIME_H 1
| #define HAVE_UNISTD_H 1
| #define HAVE_LIBM 1
| #define HAVE_LOG2 1
| #define HAVE_OPENMP 1
| #define HAVE_NTOHS 1
| #define HAVE_NTOHL 1
| #define SIZEOF_UNSIGNED_SHORT 2
| #define SIZEOF_UNSIGNED_INT 4
| #define SIZEOF_UNSIGNED_LONG 8
| #define SIZEOF_UNSIGNED_LONG_LONG 8
| #define HAVE_STRTOULL 1
| #define HAVE_FTELLO 1
| #define HAVE_FSEEKO 1
| #define HAVE_FTELLO64 1
| #define HAVE_FSEEKO64 1
| /* end confdefs.h.  */
| /* Define ftell64 to an innocuous variant, in case <limits.h> declares ftell64.
|    For example, HP-UX 11i <limits.h> declares gettimeofday.  */
| #define ftell64 innocuous_ftell64
| 
| /* System header to define __stub macros and hopefully few prototypes,
|     which can conflict with char ftell64 (); below.
|     Prefer <limits.h> to <assert.h> if __STDC__ is defined, since
|     <limits.h> exists even on freestanding compilers.  */
| 
| #ifdef __STDC__
| # include <limits.h>
| #else
| # include <assert.h>
| #endif
| 
| #undef ftell64
| 
| /* Override any GCC internal prototype to avoid an error.
|    Use char because int might match the return type of a GCC
|    builtin and then its argument prototype would still apply.  */
| #ifdef __cplusplus
| extern "C"
| #endif
| char ftell64 ();
| /* The GNU C library defines this for functions which it implements
|     to always fail with ENOSYS.  Some functions are actually named
|     something starting with __ and the normal name is an alias.  */
| #if defined __stub_ftell64 || defined __stub___ftell64
| choke me
| #endif
| 
| int
| main ()
| {
| return ftell64 ();
|   ;
|   return 0;
| }
configure:13049: result: no
configure:13049: checking for fseek64
configure:13049: gcc -o conftest -g -O2   conftest.c -lm  >&5
/usr/bin/ld: /tmp/ccN41Vr7.o: in function `main':
/home/richel/GitHubs/msa/src/ClustalOmega/conftest.c:92: undefined reference to `fseek64'
collect2: error: ld returned 1 exit status
configure:13049: $? = 1
configure: failed program was:
| /* confdefs.h */
| #define PACKAGE_NAME "Clustal Omega"
| #define PACKAGE_TARNAME "clustal-omega"
| #define PACKAGE_VERSION "1.2.0"
| #define PACKAGE_STRING "Clustal Omega 1.2.0"
| #define PACKAGE_BUGREPORT "clustalw@ucd.ie"
| #define PACKAGE_URL ""
| #define PACKAGE "clustal-omega"
| #define VERSION "1.2.0"
| #define STDC_HEADERS 1
| #define HAVE_SYS_TYPES_H 1
| #define HAVE_SYS_STAT_H 1
| #define HAVE_STDLIB_H 1
| #define HAVE_STRING_H 1
| #define HAVE_MEMORY_H 1
| #define HAVE_STRINGS_H 1
| #define HAVE_INTTYPES_H 1
| #define HAVE_STDINT_H 1
| #define HAVE_UNISTD_H 1
| #define __EXTENSIONS__ 1
| #define _ALL_SOURCE 1
| #define _GNU_SOURCE 1
| #define _POSIX_PTHREAD_SEMANTICS 1
| #define _TANDEM_SOURCE 1
| #define HAVE_DLFCN_H 1
| #define LT_OBJDIR ".libs/"
| #define CLUSTALO 1
| #define PACKAGE_CODENAME "AndreaGiacomo"
| #define LINUX 1
| #define STDC_HEADERS 1
| #define HAVE_ASSERT_H 1
| #define HAVE_CTYPE_H 1
| #define HAVE_FLOAT_H 1
| #define HAVE_LIMITS_H 1
| #define HAVE_MATH_H 1
| #define HAVE_MEMORY_H 1
| #define HAVE_STDARG_H 1
| #define HAVE_STDIO_H 1
| #define HAVE_STDLIB_H 1
| #define HAVE_STRING_H 1
| #define HAVE_TIME_H 1
| #define HAVE_UNISTD_H 1
| #define HAVE_LIBM 1
| #define HAVE_LOG2 1
| #define HAVE_OPENMP 1
| #define HAVE_NTOHS 1
| #define HAVE_NTOHL 1
| #define SIZEOF_UNSIGNED_SHORT 2
| #define SIZEOF_UNSIGNED_INT 4
| #define SIZEOF_UNSIGNED_LONG 8
| #define SIZEOF_UNSIGNED_LONG_LONG 8
| #define HAVE_STRTOULL 1
| #define HAVE_FTELLO 1
| #define HAVE_FSEEKO 1
| #define HAVE_FTELLO64 1
| #define HAVE_FSEEKO64 1
| /* end confdefs.h.  */
| /* Define fseek64 to an innocuous variant, in case <limits.h> declares fseek64.
|    For example, HP-UX 11i <limits.h> declares gettimeofday.  */
| #define fseek64 innocuous_fseek64
| 
| /* System header to define __stub macros and hopefully few prototypes,
|     which can conflict with char fseek64 (); below.
|     Prefer <limits.h> to <assert.h> if __STDC__ is defined, since
|     <limits.h> exists even on freestanding compilers.  */
| 
| #ifdef __STDC__
| # include <limits.h>
| #else
| # include <assert.h>
| #endif
| 
| #undef fseek64
| 
| /* Override any GCC internal prototype to avoid an error.
|    Use char because int might match the return type of a GCC
|    builtin and then its argument prototype would still apply.  */
| #ifdef __cplusplus
| extern "C"
| #endif
| char fseek64 ();
| /* The GNU C library defines this for functions which it implements
|     to always fail with ENOSYS.  Some functions are actually named
|     something starting with __ and the normal name is an alias.  */
| #if defined __stub_fseek64 || defined __stub___fseek64
| choke me
| #endif
| 
| int
| main ()
| {
| return fseek64 ();
|   ;
|   return 0;
| }
configure:13049: result: no
configure:13059: checking for off_t
configure:13059: gcc -c -g -O2  conftest.c >&5
configure:13059: $? = 0
configure:13059: gcc -c -g -O2  conftest.c >&5
conftest.c: In function 'main':
conftest.c:94:20: error: expected expression before ')' token
   94 | if (sizeof ((off_t)))
      |                    ^
configure:13059: $? = 1
configure: failed program was:
| /* confdefs.h */
| #define PACKAGE_NAME "Clustal Omega"
| #define PACKAGE_TARNAME "clustal-omega"
| #define PACKAGE_VERSION "1.2.0"
| #define PACKAGE_STRING "Clustal Omega 1.2.0"
| #define PACKAGE_BUGREPORT "clustalw@ucd.ie"
| #define PACKAGE_URL ""
| #define PACKAGE "clustal-omega"
| #define VERSION "1.2.0"
| #define STDC_HEADERS 1
| #define HAVE_SYS_TYPES_H 1
| #define HAVE_SYS_STAT_H 1
| #define HAVE_STDLIB_H 1
| #define HAVE_STRING_H 1
| #define HAVE_MEMORY_H 1
| #define HAVE_STRINGS_H 1
| #define HAVE_INTTYPES_H 1
| #define HAVE_STDINT_H 1
| #define HAVE_UNISTD_H 1
| #define __EXTENSIONS__ 1
| #define _ALL_SOURCE 1
| #define _GNU_SOURCE 1
| #define _POSIX_PTHREAD_SEMANTICS 1
| #define _TANDEM_SOURCE 1
| #define HAVE_DLFCN_H 1
| #define LT_OBJDIR ".libs/"
| #define CLUSTALO 1
| #define PACKAGE_CODENAME "AndreaGiacomo"
| #define LINUX 1
| #define STDC_HEADERS 1
| #define HAVE_ASSERT_H 1
| #define HAVE_CTYPE_H 1
| #define HAVE_FLOAT_H 1
| #define HAVE_LIMITS_H 1
| #define HAVE_MATH_H 1
| #define HAVE_MEMORY_H 1
| #define HAVE_STDARG_H 1
| #define HAVE_STDIO_H 1
| #define HAVE_STDLIB_H 1
| #define HAVE_STRING_H 1
| #define HAVE_TIME_H 1
| #define HAVE_UNISTD_H 1
| #define HAVE_LIBM 1
| #define HAVE_LOG2 1
| #define HAVE_OPENMP 1
| #define HAVE_NTOHS 1
| #define HAVE_NTOHL 1
| #define SIZEOF_UNSIGNED_SHORT 2
| #define SIZEOF_UNSIGNED_INT 4
| #define SIZEOF_UNSIGNED_LONG 8
| #define SIZEOF_UNSIGNED_LONG_LONG 8
| #define HAVE_STRTOULL 1
| #define HAVE_FTELLO 1
| #define HAVE_FSEEKO 1
| #define HAVE_FTELLO64 1
| #define HAVE_FSEEKO64 1
| /* end confdefs.h.  */
| #include <stdio.h>
| #ifdef HAVE_SYS_TYPES_H
| # include <sys/types.h>
| #endif
| #ifdef HAVE_SYS_STAT_H
| # include <sys/stat.h>
| #endif
| #ifdef STDC_HEADERS
| # include <stdlib.h>
| # include <stddef.h>
| #else
| # ifdef HAVE_STDLIB_H
| #  include <stdlib.h>
| # endif
| #endif
| #ifdef HAVE_STRING_H
| # if !defined STDC_HEADERS && defined HAVE_MEMORY_H
| #  include <memory.h>
| # endif
| # include <string.h>
| #endif
| #ifdef HAVE_STRINGS_H
| # include <strings.h>
| #endif
| #ifdef HAVE_INTTYPES_H
| # include <inttypes.h>
| #endif
| #ifdef HAVE_STDINT_H
| # include <stdint.h>
| #endif
| #ifdef HAVE_UNISTD_H
| # include <unistd.h>
| #endif
| int
| main ()
| {
| if (sizeof ((off_t)))
| 	    return 0;
|   ;
|   return 0;
| }
configure:13059: result: yes
configure:13074: checking size of fpos_t
configure:13079: gcc -o conftest -g -O2   conftest.c -lm  >&5
configure:13079: $? = 0
configure:13079: ./conftest
configure:13079: $? = 0
configure:13093: result: 16
configure:13136: checking if malloc debugging is wanted
configure:13154: result: no
configure:13178: checking whether to build with debug information
configure:13187: result: no
configure:13348: creating ./config.status

## ---------------------- ##
## Running config.status. ##
## ---------------------- ##

This file was extended by Clustal Omega config.status 1.2.0, which was
generated by GNU Autoconf 2.69.  Invocation command line was

  CONFIG_FILES    = 
  CONFIG_HEADERS  = 
  CONFIG_LINKS    = 
  CONFIG_COMMANDS = 
  $ ./config.status 

on N141CU

config.status:1169: creating Makefile
config.status:1169: creating src/Makefile
config.status:1169: creating clustalo.pc
config.status:1169: creating Doxyfile
config.status:1169: creating src/exceptions4c/Makefile
config.status:1169: creating src/clustal/Makefile
config.status:1169: creating src/hhalign/Makefile
config.status:1169: creating src/kmpp/Makefile
config.status:1169: creating src/squid/Makefile
config.status:1169: creating src/argtable2/Makefile
config.status:1169: creating src/config.h
config.status:1398: executing src/clustal-omega-config.h commands
config.status:1436: creating src/clustal-omega-config.h - prefix CLUSTAL_OMEGA for src/config.h defines
config.status:1398: executing depfiles commands
config.status:1398: executing libtool commands

## ---------------- ##
## Cache variables. ##
## ---------------- ##

ac_cv_build=x86_64-unknown-linux-gnu
ac_cv_c_bigendian=no
ac_cv_c_compiler_gnu=yes
ac_cv_c_const=yes
ac_cv_c_inline=inline
ac_cv_cxx_compiler_gnu=yes
ac_cv_env_CCC_set=
ac_cv_env_CCC_value=
ac_cv_env_CC_set=
ac_cv_env_CC_value=
ac_cv_env_CFLAGS_set=
ac_cv_env_CFLAGS_value=
ac_cv_env_CPPFLAGS_set=
ac_cv_env_CPPFLAGS_value=
ac_cv_env_CPP_set=
ac_cv_env_CPP_value=
ac_cv_env_CXXCPP_set=
ac_cv_env_CXXCPP_value=
ac_cv_env_CXXFLAGS_set=
ac_cv_env_CXXFLAGS_value=
ac_cv_env_CXX_set=
ac_cv_env_CXX_value=
ac_cv_env_LDFLAGS_set=
ac_cv_env_LDFLAGS_value=
ac_cv_env_LIBS_set=
ac_cv_env_LIBS_value=
ac_cv_env_build_alias_set=
ac_cv_env_build_alias_value=
ac_cv_env_host_alias_set=
ac_cv_env_host_alias_value=
ac_cv_env_target_alias_set=
ac_cv_env_target_alias_value=
ac_cv_func_fseek64=no
ac_cv_func_fseeko64=yes
ac_cv_func_fseeko=yes
ac_cv_func_ftell64=no
ac_cv_func_ftello64=yes
ac_cv_func_ftello=yes
ac_cv_func_ntohl=yes
ac_cv_func_ntohs=yes
ac_cv_func_ntonl=no
ac_cv_func_ntons=no
ac_cv_func_stroul=no
ac_cv_func_strtoull=yes
ac_cv_header_assert_h=yes
ac_cv_header_ctype_h=yes
ac_cv_header_dlfcn_h=yes
ac_cv_header_float_h=yes
ac_cv_header_inttypes_h=yes
ac_cv_header_limits_h=yes
ac_cv_header_math_h=yes
ac_cv_header_memory_h=yes
ac_cv_header_minix_config_h=no
ac_cv_header_stdarg_h=yes
ac_cv_header_stdc=yes
ac_cv_header_stdint_h=yes
ac_cv_header_stdio_h=yes
ac_cv_header_stdlib_h=yes
ac_cv_header_string_h=yes
ac_cv_header_strings_h=yes
ac_cv_header_sys_stat_h=yes
ac_cv_header_sys_types_h=yes
ac_cv_header_time_h=yes
ac_cv_header_unistd_h=yes
ac_cv_host=x86_64-unknown-linux-gnu
ac_cv_lib_m_log2=yes
ac_cv_lib_m_log=yes
ac_cv_objext=o
ac_cv_path_EGREP='/usr/bin/grep -E'
ac_cv_path_FGREP='/usr/bin/grep -F'
ac_cv_path_GREP=/usr/bin/grep
ac_cv_path_SED=/bin/sed
ac_cv_path_install='/usr/bin/install -c'
ac_cv_path_mkdir=/usr/bin/mkdir
ac_cv_prog_AWK=gawk
ac_cv_prog_CPP='gcc -E'
ac_cv_prog_CXXCPP='g++ -E'
ac_cv_prog_ac_ct_AR=ar
ac_cv_prog_ac_ct_CC=gcc
ac_cv_prog_ac_ct_CXX=g++
ac_cv_prog_ac_ct_OBJDUMP=objdump
ac_cv_prog_ac_ct_RANLIB=ranlib
ac_cv_prog_ac_ct_STRIP=strip
ac_cv_prog_cc_c89=
ac_cv_prog_cc_g=yes
ac_cv_prog_cxx_g=yes
ac_cv_prog_make_make_set=yes
ac_cv_safe_to_define___extensions__=yes
ac_cv_sizeof_fpos_t=16
ac_cv_sizeof_unsigned_int=4
ac_cv_sizeof_unsigned_long=8
ac_cv_sizeof_unsigned_long_long=8
ac_cv_sizeof_unsigned_short=2
ac_cv_type_off_t=yes
ac_cv_type_size_t=yes
am_cv_CC_dependencies_compiler_type=gcc3
am_cv_CXX_dependencies_compiler_type=gcc3
ax_cv_c_openmp=-fopenmp
lt_cv_deplibs_check_method=pass_all
lt_cv_file_magic_cmd='$MAGIC_CMD'
lt_cv_file_magic_test_file=
lt_cv_ld_reload_flag=-r
lt_cv_nm_interface='BSD nm'
lt_cv_objdir=.libs
lt_cv_path_LD=/usr/bin/ld
lt_cv_path_LDCXX='/usr/bin/ld -m elf_x86_64'
lt_cv_path_NM='/usr/bin/nm -B'
lt_cv_prog_compiler_c_o=yes
lt_cv_prog_compiler_c_o_CXX=yes
lt_cv_prog_compiler_pic_works=yes
lt_cv_prog_compiler_pic_works_CXX=yes
lt_cv_prog_compiler_rtti_exceptions=no
lt_cv_prog_compiler_static_works=yes
lt_cv_prog_compiler_static_works_CXX=yes
lt_cv_prog_gnu_ld=yes
lt_cv_prog_gnu_ldcxx=yes
lt_cv_sys_global_symbol_pipe='sed -n -e '\''s/^.*[	 ]\([ABCDGIRSTW][ABCDGIRSTW]*\)[	 ][	 ]*\([_A-Za-z][_A-Za-z0-9]*\)$/\1 \2 \2/p'\'''
lt_cv_sys_global_symbol_to_c_name_address='sed -n -e '\''s/^: \([^ ]*\) $/  {\"\1\", (void *) 0},/p'\'' -e '\''s/^[ABCDGIRSTW]* \([^ ]*\) \([^ ]*\)$/  {"\2", (void *) \&\2},/p'\'''
lt_cv_sys_global_symbol_to_c_name_address_lib_prefix='sed -n -e '\''s/^: \([^ ]*\) $/  {\"\1\", (void *) 0},/p'\'' -e '\''s/^[ABCDGIRSTW]* \([^ ]*\) \(lib[^ ]*\)$/  {"\2", (void *) \&\2},/p'\'' -e '\''s/^[ABCDGIRSTW]* \([^ ]*\) \([^ ]*\)$/  {"lib\2", (void *) \&\2},/p'\'''
lt_cv_sys_global_symbol_to_cdecl='sed -n -e '\''s/^T .* \(.*\)$/extern int \1();/p'\'' -e '\''s/^[ABCDGIRSTW]* .* \(.*\)$/extern char \1;/p'\'''
lt_cv_sys_max_cmd_len=1572864

## ----------------- ##
## Output variables. ##
## ----------------- ##

ACLOCAL='${SHELL} /home/richel/GitHubs/msa/src/ClustalOmega/missing --run aclocal-1.10'
AMDEPBACKSLASH='\'
AMDEP_FALSE='#'
AMDEP_TRUE=''
AMTAR='${SHELL} /home/richel/GitHubs/msa/src/ClustalOmega/missing --run tar'
AM_CFLAGS=' -O3'
AM_CXXFLAGS=' -O3'
AM_LDFLAGS=''
AR='ar'
AUTOCONF='${SHELL} /home/richel/GitHubs/msa/src/ClustalOmega/missing --run autoconf'
AUTOHEADER='${SHELL} /home/richel/GitHubs/msa/src/ClustalOmega/missing --run autoheader'
AUTOMAKE='${SHELL} /home/richel/GitHubs/msa/src/ClustalOmega/missing --run automake-1.10'
AWK='gawk'
CC='gcc'
CCDEPMODE='depmode=gcc3'
CFLAGS='-g -O2'
CPP='gcc -E'
CPPFLAGS=''
CXX='g++'
CXXCPP='g++ -E'
CXXDEPMODE='depmode=gcc3'
CXXFLAGS='-g -O2'
CYGPATH_W='echo'
DEFS='-DHAVE_CONFIG_H'
DEPDIR='.deps'
DSYMUTIL=''
DUMPBIN=''
ECHO_C=''
ECHO_N='-n'
ECHO_T=''
EGREP='/usr/bin/grep -E'
EXEEXT=''
FGREP='/usr/bin/grep -F'
GREP='/usr/bin/grep'
INSTALL_DATA='${INSTALL} -m 644'
INSTALL_PROGRAM='${INSTALL}'
INSTALL_SCRIPT='${INSTALL}'
INSTALL_STRIP_PROGRAM='$(install_sh) -c -s'
LD='/usr/bin/ld -m elf_x86_64'
LDFLAGS=''
LIBOBJS=''
LIBS='-lm '
LIBTOOL='$(SHELL) $(top_builddir)/libtool'
LIPO=''
LN_S='ln -s'
LTLIBOBJS=''
MAKEINFO='${SHELL} /home/richel/GitHubs/msa/src/ClustalOmega/missing --run makeinfo'
MKDIR_P='/usr/bin/mkdir -p'
NM='/usr/bin/nm -B'
NMEDIT=''
OBJDUMP='objdump'
OBJEXT='o'
OPENMP_CFLAGS='-fopenmp'
OPENMP_CXXFLAGS='-fopenmp'
OTOOL64=''
OTOOL=''
PACKAGE='clustal-omega'
PACKAGE_BUGREPORT='clustalw@ucd.ie'
PACKAGE_CODENAME='AndreaGiacomo'
PACKAGE_NAME='Clustal Omega'
PACKAGE_STRING='Clustal Omega 1.2.0'
PACKAGE_TARNAME='clustal-omega'
PACKAGE_URL=''
PACKAGE_VERSION='1.2.0'
PATH_SEPARATOR=':'
RANLIB='ranlib'
SED='/bin/sed'
SET_MAKE=''
SHELL='/bin/bash'
STRIP='strip'
VERSION='1.2.0'
ac_ct_CC='gcc'
ac_ct_CXX='g++'
ac_ct_DUMPBIN=''
am__fastdepCC_FALSE='#'
am__fastdepCC_TRUE=''
am__fastdepCXX_FALSE='#'
am__fastdepCXX_TRUE=''
am__include='include'
am__isrc=''
am__leading_dot='.'
am__quote=''
am__tar='${AMTAR} chof - "$$tardir"'
am__untar='${AMTAR} xf -'
bindir='${exec_prefix}/bin'
build='x86_64-unknown-linux-gnu'
build_alias=''
build_cpu='x86_64'
build_os='linux-gnu'
build_vendor='unknown'
datadir='${datarootdir}'
datarootdir='${prefix}/share'
docdir='${datarootdir}/doc/${PACKAGE_TARNAME}'
dvidir='${docdir}'
exec_prefix='${prefix}'
host='x86_64-unknown-linux-gnu'
host_alias=''
host_cpu='x86_64'
host_os='linux-gnu'
host_vendor='unknown'
htmldir='${docdir}'
includedir='${prefix}/include'
infodir='${datarootdir}/info'
install_sh='$(SHELL) /home/richel/GitHubs/msa/src/ClustalOmega/install-sh'
libdir='${exec_prefix}/lib'
libexecdir='${exec_prefix}/libexec'
localedir='${datarootdir}/locale'
localstatedir='${prefix}/var'
lt_ECHO='echo'
mandir='${datarootdir}/man'
mkdir_p='/usr/bin/mkdir -p'
oldincludedir='/usr/include'
pdfdir='${docdir}'
prefix='/usr/local'
program_transform_name='s,x,x,'
psdir='${docdir}'
sbindir='${exec_prefix}/sbin'
sharedstatedir='${prefix}/com'
sysconfdir='${prefix}/etc'
target_alias=''

## ----------- ##
## confdefs.h. ##
## ----------- ##

/* confdefs.h */
#define PACKAGE_NAME "Clustal Omega"
#define PACKAGE_TARNAME "clustal-omega"
#define PACKAGE_VERSION "1.2.0"
#define PACKAGE_STRING "Clustal Omega 1.2.0"
#define PACKAGE_BUGREPORT "clustalw@ucd.ie"
#define PACKAGE_URL ""
#define PACKAGE "clustal-omega"
#define VERSION "1.2.0"
#define STDC_HEADERS 1
#define HAVE_SYS_TYPES_H 1
#define HAVE_SYS_STAT_H 1
#define HAVE_STDLIB_H 1
#define HAVE_STRING_H 1
#define HAVE_MEMORY_H 1
#define HAVE_STRINGS_H 1
#define HAVE_INTTYPES_H 1
#define HAVE_STDINT_H 1
#define HAVE_UNISTD_H 1
#define __EXTENSIONS__ 1
#define _ALL_SOURCE 1
#define _GNU_SOURCE 1
#define _POSIX_PTHREAD_SEMANTICS 1
#define _TANDEM_SOURCE 1
#define HAVE_DLFCN_H 1
#define LT_OBJDIR ".libs/"
#define CLUSTALO 1
#define PACKAGE_CODENAME "AndreaGiacomo"
#define LINUX 1
#define STDC_HEADERS 1
#define HAVE_ASSERT_H 1
#define HAVE_CTYPE_H 1
#define HAVE_FLOAT_H 1
#define HAVE_LIMITS_H 1
#define HAVE_MATH_H 1
#define HAVE_MEMORY_H 1
#define HAVE_STDARG_H 1
#define HAVE_STDIO_H 1
#define HAVE_STDLIB_H 1
#define HAVE_STRING_H 1
#define HAVE_TIME_H 1
#define HAVE_UNISTD_H 1
#define HAVE_LIBM 1
#define HAVE_LOG2 1
#define HAVE_OPENMP 1
#define HAVE_NTOHS 1
#define HAVE_NTOHL 1
#define SIZEOF_UNSIGNED_SHORT 2
#define SIZEOF_UNSIGNED_INT 4
#define SIZEOF_UNSIGNED_LONG 8
#define SIZEOF_UNSIGNED_LONG_LONG 8
#define HAVE_STRTOULL 1
#define HAVE_FTELLO 1
#define HAVE_FSEEKO 1
#define HAVE_FTELLO64 1
#define HAVE_FSEEKO64 1
#define SIZEOF_FPOS_T 16
#define NDEBUG /**/

configure: exit 0
