This file contains any messages produced by compilers while
running configure, to aid debugging if configure makes a mistake.

It was created by libatomic_ops configure 7.2, which was
generated by GNU Autoconf 2.69.  Invocation command line was

  $ ./configure --disable-option-checking --prefix=/usr/local --enable-cplusplus --enable-threads=pthreads --enable-shared --with-pic --cache-file=/dev/null --srcdir=.

## --------- ##
## Platform. ##
## --------- ##

hostname = N141CU
uname -m = x86_64
uname -r = 5.4.0-48-generic
uname -s = Linux
uname -v = #52-Ubuntu SMP Thu Sep 10 10:58:49 UTC 2020

/usr/bin/uname -p = x86_64
/bin/uname -X     = unknown

/bin/arch              = x86_64
/usr/bin/arch -k       = unknown
/usr/convex/getsysinfo = unknown
/usr/bin/hostinfo      = unknown
/bin/machine           = unknown
/usr/bin/oslevel       = unknown
/bin/universe          = unknown

PATH: /home/richel/.local/bin
PATH: /opt/devkitpro/tools/bin
PATH: /usr/local/sbin
PATH: /usr/local/bin
PATH: /usr/sbin
PATH: /usr/bin
PATH: /sbin
PATH: /bin
PATH: /usr/games
PATH: /usr/local/games
PATH: /snap/bin


## ----------- ##
## Core tests. ##
## ----------- ##

configure:2116: checking build system type
configure:2130: result: x86_64-unknown-linux-gnu
configure:2150: checking host system type
configure:2163: result: x86_64-unknown-linux-gnu
configure:2183: checking target system type
configure:2196: result: x86_64-unknown-linux-gnu
configure:2239: checking for a BSD-compatible install
configure:2307: result: /usr/bin/install -c
configure:2318: checking whether build environment is sane
configure:2373: result: yes
configure:2522: checking for a thread-safe mkdir -p
configure:2561: result: /usr/bin/mkdir -p
configure:2568: checking for gawk
configure:2584: found /usr/bin/gawk
configure:2595: result: gawk
configure:2606: checking whether make sets $(MAKE)
configure:2628: result: yes
configure:2657: checking whether make supports nested variables
configure:2674: result: yes
configure:2842: checking for ranlib
configure:2858: found /usr/bin/ranlib
configure:2869: result: ranlib
configure:2908: checking for style of include used by make
configure:2936: result: GNU
configure:3007: checking for gcc
configure:3023: found /usr/bin/gcc
configure:3034: result: gcc
configure:3263: checking for C compiler version
configure:3272: gcc --version >&5
gcc (Ubuntu 9.3.0-17ubuntu1~20.04) 9.3.0
Copyright (C) 2019 Free Software Foundation, Inc.
This is free software; see the source for copying conditions.  There is NO
warranty; not even for MERCHANTABILITY or FITNESS FOR A PARTICULAR PURPOSE.

configure:3283: $? = 0
configure:3272: gcc -v >&5
Using built-in specs.
COLLECT_GCC=gcc
COLLECT_LTO_WRAPPER=/usr/lib/gcc/x86_64-linux-gnu/9/lto-wrapper
OFFLOAD_TARGET_NAMES=nvptx-none:hsa
OFFLOAD_TARGET_DEFAULT=1
Target: x86_64-linux-gnu
Configured with: ../src/configure -v --with-pkgversion='Ubuntu 9.3.0-17ubuntu1~20.04' --with-bugurl=file:///usr/share/doc/gcc-9/README.Bugs --enable-languages=c,ada,c++,go,brig,d,fortran,objc,obj-c++,gm2 --prefix=/usr --with-gcc-major-version-only --program-suffix=-9 --program-prefix=x86_64-linux-gnu- --enable-shared --enable-linker-build-id --libexecdir=/usr/lib --without-included-gettext --enable-threads=posix --libdir=/usr/lib --enable-nls --enable-clocale=gnu --enable-libstdcxx-debug --enable-libstdcxx-time=yes --with-default-libstdcxx-abi=new --enable-gnu-unique-object --disable-vtable-verify --enable-plugin --enable-default-pie --with-system-zlib --with-target-system-zlib=auto --enable-objc-gc=auto --enable-multiarch --disable-werror --with-arch-32=i686 --with-abi=m64 --with-multilib-list=m32,m64,mx32 --enable-multilib --with-tune=generic --enable-offload-targets=nvptx-none=/build/gcc-9-HskZEa/gcc-9-9.3.0/debian/tmp-nvptx/usr,hsa --without-cuda-driver --enable-checking=release --build=x86_64-linux-gnu --host=x86_64-linux-gnu --target=x86_64-linux-gnu
Thread model: posix
gcc version 9.3.0 (Ubuntu 9.3.0-17ubuntu1~20.04) 
configure:3283: $? = 0
configure:3272: gcc -V >&5
gcc: error: unrecognized command line option '-V'
gcc: fatal error: no input files
compilation terminated.
configure:3283: $? = 1
configure:3272: gcc -qversion >&5
gcc: error: unrecognized command line option '-qversion'; did you mean '--version'?
gcc: fatal error: no input files
compilation terminated.
configure:3283: $? = 1
configure:3303: checking whether the C compiler works
configure:3325: gcc    conftest.c  >&5
configure:3329: $? = 0
configure:3377: result: yes
configure:3380: checking for C compiler default output file name
configure:3382: result: a.out
configure:3388: checking for suffix of executables
configure:3395: gcc -o conftest    conftest.c  >&5
configure:3399: $? = 0
configure:3421: result: 
configure:3443: checking whether we are cross compiling
configure:3451: gcc -o conftest    conftest.c  >&5
configure:3455: $? = 0
configure:3462: ./conftest
configure:3466: $? = 0
configure:3454: result: no
configure:3459: checking for suffix of object files
configure:3481: gcc -c   conftest.c >&5
configure:3485: $? = 0
configure:3506: result: o
configure:3510: checking whether we are using the GNU C compiler
configure:3529: gcc -c   conftest.c >&5
configure:3529: $? = 0
configure:3538: result: yes
configure:3547: checking whether gcc accepts -g
configure:3567: gcc -c -g  conftest.c >&5
configure:3567: $? = 0
configure:3608: result: yes
configure:3625: checking for gcc option to accept ISO C89
configure:3688: gcc  -c -g -O2  conftest.c >&5
configure:3688: $? = 0
configure:3701: result: none needed
configure:3726: checking whether gcc understands -c and -o together
configure:3748: gcc -c conftest.c -o conftest2.o
configure:3751: $? = 0
configure:3748: gcc -c conftest.c -o conftest2.o
configure:3751: $? = 0
configure:3763: result: yes
configure:3782: checking dependency style of gcc
configure:3893: result: gcc3
configure:3918: checking dependency style of gcc
configure:4027: result: gcc3
configure:4050: checking how to run the C preprocessor
configure:4081: gcc -E  conftest.c
configure:4081: $? = 0
configure:4095: gcc -E  conftest.c
conftest.c:11:10: fatal error: ac_nonexistent.h: No such file or directory
   11 | #include <ac_nonexistent.h>
      |          ^~~~~~~~~~~~~~~~~~
compilation terminated.
configure:4095: $? = 1
configure: failed program was:
| /* confdefs.h */
| #define PACKAGE_NAME "libatomic_ops"
| #define PACKAGE_TARNAME "libatomic_ops"
| #define PACKAGE_VERSION "7.2"
| #define PACKAGE_STRING "libatomic_ops 7.2"
| #define PACKAGE_BUGREPORT ""
| #define PACKAGE_URL ""
| #define PACKAGE "libatomic_ops"
| #define VERSION "7.2"
| /* end confdefs.h.  */
| #include <ac_nonexistent.h>
configure:4120: result: gcc -E
configure:4140: gcc -E  conftest.c
configure:4140: $? = 0
configure:4154: gcc -E  conftest.c
conftest.c:11:10: fatal error: ac_nonexistent.h: No such file or directory
   11 | #include <ac_nonexistent.h>
      |          ^~~~~~~~~~~~~~~~~~
compilation terminated.
configure:4154: $? = 1
configure: failed program was:
| /* confdefs.h */
| #define PACKAGE_NAME "libatomic_ops"
| #define PACKAGE_TARNAME "libatomic_ops"
| #define PACKAGE_VERSION "7.2"
| #define PACKAGE_STRING "libatomic_ops 7.2"
| #define PACKAGE_BUGREPORT ""
| #define PACKAGE_URL ""
| #define PACKAGE "libatomic_ops"
| #define VERSION "7.2"
| /* end confdefs.h.  */
| #include <ac_nonexistent.h>
configure:4183: checking for grep that handles long lines and -e
configure:4241: result: /usr/bin/grep
configure:4246: checking for egrep
configure:4308: result: /usr/bin/grep -E
configure:4313: checking for ANSI C header files
configure:4333: gcc -c -g -O2  conftest.c >&5
configure:4333: $? = 0
configure:4406: gcc -o conftest -g -O2   conftest.c  >&5
configure:4406: $? = 0
configure:4406: ./conftest
configure:4406: $? = 0
configure:4417: result: yes
configure:4430: checking for sys/types.h
configure:4430: gcc -c -g -O2  conftest.c >&5
configure:4430: $? = 0
configure:4430: result: yes
configure:4430: checking for sys/stat.h
configure:4430: gcc -c -g -O2  conftest.c >&5
configure:4430: $? = 0
configure:4430: result: yes
configure:4430: checking for stdlib.h
configure:4430: gcc -c -g -O2  conftest.c >&5
configure:4430: $? = 0
configure:4430: result: yes
configure:4430: checking for string.h
configure:4430: gcc -c -g -O2  conftest.c >&5
configure:4430: $? = 0
configure:4430: result: yes
configure:4430: checking for memory.h
configure:4430: gcc -c -g -O2  conftest.c >&5
configure:4430: $? = 0
configure:4430: result: yes
configure:4430: checking for strings.h
configure:4430: gcc -c -g -O2  conftest.c >&5
configure:4430: $? = 0
configure:4430: result: yes
configure:4430: checking for inttypes.h
configure:4430: gcc -c -g -O2  conftest.c >&5
configure:4430: $? = 0
configure:4430: result: yes
configure:4430: checking for stdint.h
configure:4430: gcc -c -g -O2  conftest.c >&5
configure:4430: $? = 0
configure:4430: result: yes
configure:4430: checking for unistd.h
configure:4430: gcc -c -g -O2  conftest.c >&5
configure:4430: $? = 0
configure:4430: result: yes
configure:4448: checking for stdlib.h
configure:4448: result: yes
configure:4448: checking for unistd.h
configure:4448: result: yes
configure:4448: checking for sys/param.h
configure:4448: gcc -c -g -O2  conftest.c >&5
configure:4448: $? = 0
configure:4448: result: yes
configure:4468: checking for getpagesize
configure:4468: gcc -o conftest -g -O2   conftest.c  >&5
configure:4468: $? = 0
configure:4468: result: yes
configure:4477: checking for working mmap
configure:4624: gcc -o conftest -g -O2   conftest.c  >&5
configure:4624: $? = 0
configure:4624: ./conftest
configure:4624: $? = 0
configure:4634: result: yes
configure:4645: checking for ANSI C header files
configure:4749: result: yes
configure:4762: checking for PIC compiler flag
configure:4772: result: -fPIC
configure:4775: checking whether gcc -fPIC causes __PIC__ definition
configure:4795: gcc -c -fPIC -g -O2  conftest.c >&5
configure:4795: $? = 0
configure:4802: result: yes
configure:4847: checking for pthread_self in -lpthread
configure:4872: gcc -o conftest -g -O2 -DNDEBUG   conftest.c -lpthread   >&5
configure:4872: $? = 0
configure:4881: result: yes
configure:5030: checking that generated files are newer than configure
configure:5036: result: done
configure:5071: creating ./config.status

## ---------------------- ##
## Running config.status. ##
## ---------------------- ##

This file was extended by libatomic_ops config.status 7.2, which was
generated by GNU Autoconf 2.69.  Invocation command line was

  CONFIG_FILES    = 
  CONFIG_HEADERS  = 
  CONFIG_LINKS    = 
  CONFIG_COMMANDS = 
  $ ./config.status 

on N141CU

config.status:892: creating Makefile
config.status:892: creating pkgconfig/atomic_ops.pc
config.status:892: creating pkgconfig/atomic_ops-uninstalled.pc
config.status:892: creating doc/Makefile
config.status:892: creating src/Makefile
config.status:892: creating src/atomic_ops/Makefile
config.status:892: creating src/atomic_ops/sysdeps/Makefile
config.status:892: creating tests/Makefile
config.status:892: creating src/config.h
config.status:1121: executing depfiles commands
config.status:1121: executing default commands

## ---------------- ##
## Cache variables. ##
## ---------------- ##

ac_cv_build=x86_64-unknown-linux-gnu
ac_cv_c_compiler_gnu=yes
ac_cv_env_CCASFLAGS_set=
ac_cv_env_CCASFLAGS_value=
ac_cv_env_CCAS_set=
ac_cv_env_CCAS_value=
ac_cv_env_CC_set=
ac_cv_env_CC_value=
ac_cv_env_CFLAGS_set=
ac_cv_env_CFLAGS_value=
ac_cv_env_CPPFLAGS_set=
ac_cv_env_CPPFLAGS_value=
ac_cv_env_CPP_set=
ac_cv_env_CPP_value=
ac_cv_env_LDFLAGS_set=
ac_cv_env_LDFLAGS_value=
ac_cv_env_LIBS_set=
ac_cv_env_LIBS_value=
ac_cv_env_build_alias_set=
ac_cv_env_build_alias_value=
ac_cv_env_host_alias_set=
ac_cv_env_host_alias_value=
ac_cv_env_target_alias_set=
ac_cv_env_target_alias_value=
ac_cv_func_getpagesize=yes
ac_cv_func_mmap_fixed_mapped=yes
ac_cv_header_inttypes_h=yes
ac_cv_header_memory_h=yes
ac_cv_header_stdc=yes
ac_cv_header_stdint_h=yes
ac_cv_header_stdlib_h=yes
ac_cv_header_string_h=yes
ac_cv_header_strings_h=yes
ac_cv_header_sys_param_h=yes
ac_cv_header_sys_stat_h=yes
ac_cv_header_sys_types_h=yes
ac_cv_header_unistd_h=yes
ac_cv_host=x86_64-unknown-linux-gnu
ac_cv_lib_pthread_pthread_self=yes
ac_cv_objext=o
ac_cv_path_EGREP='/usr/bin/grep -E'
ac_cv_path_GREP=/usr/bin/grep
ac_cv_path_install='/usr/bin/install -c'
ac_cv_path_mkdir=/usr/bin/mkdir
ac_cv_pic_macro=yes
ac_cv_prog_AWK=gawk
ac_cv_prog_CPP='gcc -E'
ac_cv_prog_ac_ct_CC=gcc
ac_cv_prog_ac_ct_RANLIB=ranlib
ac_cv_prog_cc_c89=
ac_cv_prog_cc_g=yes
ac_cv_prog_make_make_set=yes
ac_cv_target=x86_64-unknown-linux-gnu
am_cv_CCAS_dependencies_compiler_type=gcc3
am_cv_CC_dependencies_compiler_type=gcc3
am_cv_make_support_nested_variables=yes
am_cv_prog_cc_c_o=yes

## ----------------- ##
## Output variables. ##
## ----------------- ##

ACLOCAL='${SHELL} /home/richel/GitHubs/msa/src/gc-7.2/libatomic_ops/missing aclocal-1.14'
AMDEPBACKSLASH='\'
AMDEP_FALSE='#'
AMDEP_TRUE=''
AMTAR='$${TAR-tar}'
AM_BACKSLASH='\'
AM_DEFAULT_V='$(AM_DEFAULT_VERBOSITY)'
AM_DEFAULT_VERBOSITY='1'
AM_V='$(V)'
AUTOCONF='${SHELL} /home/richel/GitHubs/msa/src/gc-7.2/libatomic_ops/missing autoconf'
AUTOHEADER='${SHELL} /home/richel/GitHubs/msa/src/gc-7.2/libatomic_ops/missing autoheader'
AUTOMAKE='${SHELL} /home/richel/GitHubs/msa/src/gc-7.2/libatomic_ops/missing automake-1.14'
AWK='gawk'
CC='gcc'
CCAS='gcc'
CCASDEPMODE='depmode=gcc3'
CCASFLAGS='-g -O2'
CCDEPMODE='depmode=gcc3'
CFLAGS='-g -O2 -DNDEBUG'
CPP='gcc -E'
CPPFLAGS=''
CYGPATH_W='echo'
DEFS='-DHAVE_CONFIG_H'
DEPDIR='.deps'
ECHO_C=''
ECHO_N='-n'
ECHO_T=''
EGREP='/usr/bin/grep -E'
EXEEXT=''
GREP='/usr/bin/grep'
HAVE_PTHREAD_H_FALSE='#'
HAVE_PTHREAD_H_TRUE=''
INSTALL_DATA='${INSTALL} -m 644'
INSTALL_PROGRAM='${INSTALL}'
INSTALL_SCRIPT='${INSTALL}'
INSTALL_STRIP_PROGRAM='$(install_sh) -c -s'
LDFLAGS=''
LIBOBJS=''
LIBS=''
LTLIBOBJS=''
MAKEINFO='${SHELL} /home/richel/GitHubs/msa/src/gc-7.2/libatomic_ops/missing makeinfo'
MKDIR_P='/usr/bin/mkdir -p'
NEED_ASM_FALSE=''
NEED_ASM_TRUE='#'
OBJEXT='o'
PACKAGE='libatomic_ops'
PACKAGE_BUGREPORT=''
PACKAGE_NAME='libatomic_ops'
PACKAGE_STRING='libatomic_ops 7.2'
PACKAGE_TARNAME='libatomic_ops'
PACKAGE_URL=''
PACKAGE_VERSION='7.2'
PATH_SEPARATOR=':'
PICFLAG='-fPIC'
RANLIB='ranlib'
SET_MAKE=''
SHELL='/bin/bash'
STRIP=''
THREADDLLIBS='-lpthread'
VERSION='7.2'
ac_ct_CC='gcc'
am__EXEEXT_FALSE=''
am__EXEEXT_TRUE='#'
am__fastdepCCAS_FALSE='#'
am__fastdepCCAS_TRUE=''
am__fastdepCC_FALSE='#'
am__fastdepCC_TRUE=''
am__include='include'
am__isrc=''
am__leading_dot='.'
am__nodep='_no'
am__quote=''
am__tar='$${TAR-tar} chof - "$$tardir"'
am__untar='$${TAR-tar} xf -'
bindir='${exec_prefix}/bin'
build='x86_64-unknown-linux-gnu'
build_alias=''
build_cpu='x86_64'
build_os='linux-gnu'
build_vendor='unknown'
datadir='${datarootdir}'
datarootdir='${prefix}/share'
docdir='${datarootdir}/doc/${PACKAGE_TARNAME}'
dvidir='${docdir}'
exec_prefix='${prefix}'
host='x86_64-unknown-linux-gnu'
host_alias=''
host_cpu='x86_64'
host_os='linux-gnu'
host_vendor='unknown'
htmldir='${docdir}'
includedir='${prefix}/include'
infodir='${datarootdir}/info'
install_sh='${SHELL} /home/richel/GitHubs/msa/src/gc-7.2/libatomic_ops/install-sh'
libdir='${exec_prefix}/lib'
libexecdir='${exec_prefix}/libexec'
localedir='${datarootdir}/locale'
localstatedir='${prefix}/var'
mandir='${datarootdir}/man'
mkdir_p='$(MKDIR_P)'
oldincludedir='/usr/include'
pdfdir='${docdir}'
prefix='/usr/local'
program_transform_name='s,x,x,'
psdir='${docdir}'
sbindir='${exec_prefix}/sbin'
sharedstatedir='${prefix}/com'
sysconfdir='${prefix}/etc'
target='x86_64-unknown-linux-gnu'
target_alias=''
target_cpu='x86_64'
target_os='linux-gnu'
target_vendor='unknown'

## ----------- ##
## confdefs.h. ##
## ----------- ##

/* confdefs.h */
#define PACKAGE_NAME "libatomic_ops"
#define PACKAGE_TARNAME "libatomic_ops"
#define PACKAGE_VERSION "7.2"
#define PACKAGE_STRING "libatomic_ops 7.2"
#define PACKAGE_BUGREPORT ""
#define PACKAGE_URL ""
#define PACKAGE "libatomic_ops"
#define VERSION "7.2"
#define STDC_HEADERS 1
#define HAVE_SYS_TYPES_H 1
#define HAVE_SYS_STAT_H 1
#define HAVE_STDLIB_H 1
#define HAVE_STRING_H 1
#define HAVE_MEMORY_H 1
#define HAVE_STRINGS_H 1
#define HAVE_INTTYPES_H 1
#define HAVE_STDINT_H 1
#define HAVE_UNISTD_H 1
#define HAVE_STDLIB_H 1
#define HAVE_UNISTD_H 1
#define HAVE_SYS_PARAM_H 1
#define HAVE_GETPAGESIZE 1
#define HAVE_MMAP 1
#define STDC_HEADERS 1
#define _REENTRANT 1

configure: exit 0
